#
# There is insufficient memory for the Java Runtime Environment to continue.
# Native memory allocation (malloc) failed to allocate 1074144 bytes. Error detail: Chunk::new
# Possible reasons:
#   The system is out of physical RAM or swap space
#   This process is running with CompressedOops enabled, and the Java Heap may be blocking the growth of the native heap
# Possible solutions:
#   Reduce memory load on the system
#   Increase physical memory or swap space
#   Check if swap backing store is full
#   Decrease Java heap size (-Xmx/-Xms)
#   Decrease number of Java threads
#   Decrease Java thread stack sizes (-Xss)
#   Set larger code cache with -XX:ReservedCodeCacheSize=
#   JVM is running with Unscaled Compressed Oops mode in which the Java heap is
#     placed in the first 4GB address space. The Java Heap base address is the
#     maximum limit for the native heap growth. Please use -XX:HeapBaseMinAddress
#     to set the Java Heap base and to place the Java Heap above 4GB virtual address.
# This output file may be truncated or incomplete.
#
#  Out of Memory Error (arena.cpp:191), pid=24552, tid=17596
#
# JRE version: OpenJDK Runtime Environment Microsoft-11926163 (17.0.16+8) (build 17.0.16+8-LTS)
# Java VM: OpenJDK 64-Bit Server VM Microsoft-11926163 (17.0.16+8-LTS, mixed mode, sharing, tiered, compressed oops, compressed class ptrs, g1 gc, windows-amd64)
# No core dump will be written. Minidumps are not enabled by default on client versions of Windows
#

---------------  S U M M A R Y ------------

Command Line: --enable-native-access=ALL-UNNAMED -Dclassworlds.conf=C:\Users\Dell\.m2\wrapper\dists\apache-maven-3.9.11\03d7e36a140982eea48e22c1dcac01d8862b2550b2939e09a0809bbc5182a5bc\bin\m2.conf -Dmaven.home=C:\Users\Dell\.m2\wrapper\dists\apache-maven-3.9.11\03d7e36a140982eea48e22c1dcac01d8862b2550b2939e09a0809bbc5182a5bc -Dlibrary.jansi.path=C:\Users\Dell\.m2\wrapper\dists\apache-maven-3.9.11\03d7e36a140982eea48e22c1dcac01d8862b2550b2939e09a0809bbc5182a5bc\lib\jansi-native -Dmaven.multiModuleProjectDirectory=c:\Users\Dell\OneDrive\Desktop\art-store org.codehaus.plexus.classworlds.launcher.Launcher help:effective-pom -Doutput=effective-pom-ee0ba927-2001-46fa-b8f5-56700e4ad3a7.log

Host: Intel(R) Core(TM) i5-8350U CPU @ 1.70GHz, 8 cores, 7G,  Windows 11 , 64 bit Build 26100 (10.0.26100.7705)
Time: Wed Feb  4 05:31:48 2026 W. Central Africa Standard Time elapsed time: 6.146023 seconds (0d 0h 0m 6s)

---------------  T H R E A D  ---------------

Current thread (0x00000243cd53e810):  JavaThread "C2 CompilerThread0" daemon [_thread_in_native, id=17596, stack(0x000000f710200000,0x000000f710300000)]


Current CompileTask:
C2:   6146 1769   !   4       java.net.URL::<init> (543 bytes)

Stack: [0x000000f710200000,0x000000f710300000]
Native frames: (J=compiled Java code, j=interpreted, Vv=VM code, C=native code)
V  [jvm.dll+0x68ee19]
V  [jvm.dll+0x846249]
V  [jvm.dll+0x847fb8]
V  [jvm.dll+0x848643]
V  [jvm.dll+0x24cf6f]
V  [jvm.dll+0xaecb6]
V  [jvm.dll+0xaf35c]
V  [jvm.dll+0x37139e]
V  [jvm.dll+0x1c08f9]
V  [jvm.dll+0x21e080]
V  [jvm.dll+0x21d36d]
V  [jvm.dll+0x1a8ce6]
V  [jvm.dll+0x22db1b]
V  [jvm.dll+0x22bca6]
V  [jvm.dll+0x7fba9b]
V  [jvm.dll+0x7f5e9c]
V  [jvm.dll+0x68dd27]
C  [ucrtbase.dll+0x37b0]
C  [KERNEL32.DLL+0x2e8d7]
C  [ntdll.dll+0x8c40c]


---------------  P R O C E S S  ---------------

Threads class SMR info:
_java_thread_list=0x0000024413ac1770, length=12, elements={
0x00000243af798290, 0x00000243cd5206d0, 0x00000243cd521290, 0x00000243cd53bde0,
0x00000243cd53c7a0, 0x00000243cd53d160, 0x00000243cd53db20, 0x00000243cd53e810,
0x00000243cd5412d0, 0x00000243cd541cd0, 0x00000243cdd005d0, 0x00000243cdd01720
}

Java Threads: ( => current thread )
  0x00000243af798290 JavaThread "main" [_thread_in_vm, id=11200, stack(0x000000f70f500000,0x000000f70f600000)]
  0x00000243cd5206d0 JavaThread "Reference Handler" daemon [_thread_blocked, id=18548, stack(0x000000f70fc00000,0x000000f70fd00000)]
  0x00000243cd521290 JavaThread "Finalizer" daemon [_thread_blocked, id=24348, stack(0x000000f70fd00000,0x000000f70fe00000)]
  0x00000243cd53bde0 JavaThread "Signal Dispatcher" daemon [_thread_blocked, id=18576, stack(0x000000f70fe00000,0x000000f70ff00000)]
  0x00000243cd53c7a0 JavaThread "Attach Listener" daemon [_thread_blocked, id=5060, stack(0x000000f70ff00000,0x000000f710000000)]
  0x00000243cd53d160 JavaThread "Service Thread" daemon [_thread_blocked, id=20900, stack(0x000000f710000000,0x000000f710100000)]
  0x00000243cd53db20 JavaThread "Monitor Deflation Thread" daemon [_thread_blocked, id=14108, stack(0x000000f710100000,0x000000f710200000)]
=>0x00000243cd53e810 JavaThread "C2 CompilerThread0" daemon [_thread_in_native, id=17596, stack(0x000000f710200000,0x000000f710300000)]
  0x00000243cd5412d0 JavaThread "C1 CompilerThread0" daemon [_thread_blocked, id=23976, stack(0x000000f710300000,0x000000f710400000)]
  0x00000243cd541cd0 JavaThread "Sweeper thread" daemon [_thread_blocked, id=23896, stack(0x000000f710400000,0x000000f710500000)]
  0x00000243cdd005d0 JavaThread "Notification Thread" daemon [_thread_blocked, id=9320, stack(0x000000f710500000,0x000000f710600000)]
  0x00000243cdd01720 JavaThread "Common-Cleaner" daemon [_thread_blocked, id=4180, stack(0x000000f710700000,0x000000f710800000)]

Other Threads:
  0x00000243cd51a180 VMThread "VM Thread" [stack: 0x000000f70fb00000,0x000000f70fc00000] [id=7908]
  0x00000243cdd00ab0 WatcherThread [stack: 0x000000f710600000,0x000000f710700000] [id=9224]
  0x00000243af7f7650 GCTaskThread "GC Thread#0" [stack: 0x000000f70f600000,0x000000f70f700000] [id=21524]
  0x00000244137a5f70 GCTaskThread "GC Thread#1" [stack: 0x000000f710a00000,0x000000f710b00000] [id=12508]
  0x00000244137a6230 GCTaskThread "GC Thread#2" [stack: 0x000000f710b00000,0x000000f710c00000] [id=16232]
  0x00000244138b7230 GCTaskThread "GC Thread#3" [stack: 0x000000f710c00000,0x000000f710d00000] [id=16156]
  0x00000244138f0970 GCTaskThread "GC Thread#4" [stack: 0x000000f710d00000,0x000000f710e00000] [id=21180]
  0x00000244138f0c30 GCTaskThread "GC Thread#5" [stack: 0x000000f710e00000,0x000000f710f00000] [id=13364]
  0x00000244138f4f00 GCTaskThread "GC Thread#6" [stack: 0x000000f710f00000,0x000000f711000000] [id=6436]
  0x00000244139ca420 GCTaskThread "GC Thread#7" [stack: 0x000000f710900000,0x000000f710a00000] [id=24188]
  0x00000243af8081e0 ConcurrentGCThread "G1 Main Marker" [stack: 0x000000f70f700000,0x000000f70f800000] [id=13324]
  0x00000243af808c00 ConcurrentGCThread "G1 Conc#0" [stack: 0x000000f70f800000,0x000000f70f900000] [id=1252]
  0x00000243cd3d5ff0 ConcurrentGCThread "G1 Refine#0" [stack: 0x000000f70f900000,0x000000f70fa00000] [id=19036]
  0x00000243af8498f0 ConcurrentGCThread "G1 Service" [stack: 0x000000f70fa00000,0x000000f70fb00000] [id=11816]

Threads with active compile tasks:
C2 CompilerThread0     6194 1769   !   4       java.net.URL::<init> (543 bytes)

VM state: not at safepoint (normal execution)

VM Mutex/Monitor currently owned by a thread: None

Heap address: 0x0000000081e00000, size: 2018 MB, Compressed Oops mode: 32-bit

CDS archive(s) mapped at: [0x00000243ce000000-0x00000243cebb0000-0x00000243cebb0000), size 12255232, SharedBaseAddress: 0x00000243ce000000, ArchiveRelocationMode: 1.
Compressed class space mapped at: 0x00000243cf000000-0x000002440f000000, reserved size: 1073741824
Narrow klass base: 0x00000243ce000000, Narrow klass shift: 0, Narrow klass range: 0x100000000

GC Precious Log:
 CPUs: 8 total, 8 available
 Memory: 8070M
 Large Page Support: Disabled
 NUMA Support: Disabled
 Compressed Oops: Enabled (32-bit)
 Heap Region Size: 1M
 Heap Min Capacity: 8M
 Heap Initial Capacity: 128M
 Heap Max Capacity: 2018M
 Pre-touch: Disabled
 Parallel Workers: 8
 Concurrent Workers: 2
 Concurrent Refinement Workers: 8
 Periodic GC: Disabled

Heap:
 garbage-first heap   total 131072K, used 17444K [0x0000000081e00000, 0x0000000100000000)
  region size 1024K, 15 young (15360K), 2 survivors (2048K)
 Metaspace       used 11187K, committed 11392K, reserved 1114112K
  class space    used 1379K, committed 1472K, reserved 1048576K

Heap Regions: E=young(eden), S=young(survivor), O=old, HS=humongous(starts), HC=humongous(continues), CS=collection set, F=free, OA=open archive, CA=closed archive, TAMS=top-at-mark-start (previous, next)
|   0|0x0000000081e00000, 0x0000000081f00000, 0x0000000081f00000|100%| O|  |TAMS 0x0000000081e00000, 0x0000000081e00000| Untracked 
|   1|0x0000000081f00000, 0x0000000082000000, 0x0000000082000000|100%| O|  |TAMS 0x0000000081f00000, 0x0000000081f00000| Untracked 
|   2|0x0000000082000000, 0x0000000082100000, 0x0000000082100000|100%| O|  |TAMS 0x0000000082000000, 0x0000000082000000| Untracked 
|   3|0x0000000082100000, 0x000000008218b800, 0x0000000082200000| 54%| O|  |TAMS 0x0000000082100000, 0x0000000082100000| Untracked 
|   4|0x0000000082200000, 0x0000000082200000, 0x0000000082300000|  0%| F|  |TAMS 0x0000000082200000, 0x0000000082200000| Untracked 
|   5|0x0000000082300000, 0x0000000082300000, 0x0000000082400000|  0%| F|  |TAMS 0x0000000082300000, 0x0000000082300000| Untracked 
|   6|0x0000000082400000, 0x0000000082400000, 0x0000000082500000|  0%| F|  |TAMS 0x0000000082400000, 0x0000000082400000| Untracked 
|   7|0x0000000082500000, 0x0000000082500000, 0x0000000082600000|  0%| F|  |TAMS 0x0000000082500000, 0x0000000082500000| Untracked 
|   8|0x0000000082600000, 0x0000000082600000, 0x0000000082700000|  0%| F|  |TAMS 0x0000000082600000, 0x0000000082600000| Untracked 
|   9|0x0000000082700000, 0x0000000082700000, 0x0000000082800000|  0%| F|  |TAMS 0x0000000082700000, 0x0000000082700000| Untracked 
|  10|0x0000000082800000, 0x0000000082800000, 0x0000000082900000|  0%| F|  |TAMS 0x0000000082800000, 0x0000000082800000| Untracked 
|  11|0x0000000082900000, 0x0000000082900000, 0x0000000082a00000|  0%| F|  |TAMS 0x0000000082900000, 0x0000000082900000| Untracked 
|  12|0x0000000082a00000, 0x0000000082a00000, 0x0000000082b00000|  0%| F|  |TAMS 0x0000000082a00000, 0x0000000082a00000| Untracked 
|  13|0x0000000082b00000, 0x0000000082b00000, 0x0000000082c00000|  0%| F|  |TAMS 0x0000000082b00000, 0x0000000082b00000| Untracked 
|  14|0x0000000082c00000, 0x0000000082c00000, 0x0000000082d00000|  0%| F|  |TAMS 0x0000000082c00000, 0x0000000082c00000| Untracked 
|  15|0x0000000082d00000, 0x0000000082d00000, 0x0000000082e00000|  0%| F|  |TAMS 0x0000000082d00000, 0x0000000082d00000| Untracked 
|  16|0x0000000082e00000, 0x0000000082e00000, 0x0000000082f00000|  0%| F|  |TAMS 0x0000000082e00000, 0x0000000082e00000| Untracked 
|  17|0x0000000082f00000, 0x0000000082f00000, 0x0000000083000000|  0%| F|  |TAMS 0x0000000082f00000, 0x0000000082f00000| Untracked 
|  18|0x0000000083000000, 0x0000000083000000, 0x0000000083100000|  0%| F|  |TAMS 0x0000000083000000, 0x0000000083000000| Untracked 
|  19|0x0000000083100000, 0x0000000083100000, 0x0000000083200000|  0%| F|  |TAMS 0x0000000083100000, 0x0000000083100000| Untracked 
|  20|0x0000000083200000, 0x0000000083200000, 0x0000000083300000|  0%| F|  |TAMS 0x0000000083200000, 0x0000000083200000| Untracked 
|  21|0x0000000083300000, 0x0000000083300000, 0x0000000083400000|  0%| F|  |TAMS 0x0000000083300000, 0x0000000083300000| Untracked 
|  22|0x0000000083400000, 0x0000000083400000, 0x0000000083500000|  0%| F|  |TAMS 0x0000000083400000, 0x0000000083400000| Untracked 
|  23|0x0000000083500000, 0x0000000083500000, 0x0000000083600000|  0%| F|  |TAMS 0x0000000083500000, 0x0000000083500000| Untracked 
|  24|0x0000000083600000, 0x0000000083600000, 0x0000000083700000|  0%| F|  |TAMS 0x0000000083600000, 0x0000000083600000| Untracked 
|  25|0x0000000083700000, 0x0000000083700000, 0x0000000083800000|  0%| F|  |TAMS 0x0000000083700000, 0x0000000083700000| Untracked 
|  26|0x0000000083800000, 0x0000000083800000, 0x0000000083900000|  0%| F|  |TAMS 0x0000000083800000, 0x0000000083800000| Untracked 
|  27|0x0000000083900000, 0x0000000083900000, 0x0000000083a00000|  0%| F|  |TAMS 0x0000000083900000, 0x0000000083900000| Untracked 
|  28|0x0000000083a00000, 0x0000000083a00000, 0x0000000083b00000|  0%| F|  |TAMS 0x0000000083a00000, 0x0000000083a00000| Untracked 
|  29|0x0000000083b00000, 0x0000000083b00000, 0x0000000083c00000|  0%| F|  |TAMS 0x0000000083b00000, 0x0000000083b00000| Untracked 
|  30|0x0000000083c00000, 0x0000000083c00000, 0x0000000083d00000|  0%| F|  |TAMS 0x0000000083c00000, 0x0000000083c00000| Untracked 
|  31|0x0000000083d00000, 0x0000000083d00000, 0x0000000083e00000|  0%| F|  |TAMS 0x0000000083d00000, 0x0000000083d00000| Untracked 
|  32|0x0000000083e00000, 0x0000000083e00000, 0x0000000083f00000|  0%| F|  |TAMS 0x0000000083e00000, 0x0000000083e00000| Untracked 
|  33|0x0000000083f00000, 0x0000000083f00000, 0x0000000084000000|  0%| F|  |TAMS 0x0000000083f00000, 0x0000000083f00000| Untracked 
|  34|0x0000000084000000, 0x0000000084000000, 0x0000000084100000|  0%| F|  |TAMS 0x0000000084000000, 0x0000000084000000| Untracked 
|  35|0x0000000084100000, 0x0000000084100000, 0x0000000084200000|  0%| F|  |TAMS 0x0000000084100000, 0x0000000084100000| Untracked 
|  36|0x0000000084200000, 0x0000000084200000, 0x0000000084300000|  0%| F|  |TAMS 0x0000000084200000, 0x0000000084200000| Untracked 
|  37|0x0000000084300000, 0x0000000084300000, 0x0000000084400000|  0%| F|  |TAMS 0x0000000084300000, 0x0000000084300000| Untracked 
|  38|0x0000000084400000, 0x0000000084400000, 0x0000000084500000|  0%| F|  |TAMS 0x0000000084400000, 0x0000000084400000| Untracked 
|  39|0x0000000084500000, 0x0000000084500000, 0x0000000084600000|  0%| F|  |TAMS 0x0000000084500000, 0x0000000084500000| Untracked 
|  40|0x0000000084600000, 0x0000000084600000, 0x0000000084700000|  0%| F|  |TAMS 0x0000000084600000, 0x0000000084600000| Untracked 
|  41|0x0000000084700000, 0x0000000084700000, 0x0000000084800000|  0%| F|  |TAMS 0x0000000084700000, 0x0000000084700000| Untracked 
|  42|0x0000000084800000, 0x0000000084800000, 0x0000000084900000|  0%| F|  |TAMS 0x0000000084800000, 0x0000000084800000| Untracked 
|  43|0x0000000084900000, 0x0000000084900000, 0x0000000084a00000|  0%| F|  |TAMS 0x0000000084900000, 0x0000000084900000| Untracked 
|  44|0x0000000084a00000, 0x0000000084a00000, 0x0000000084b00000|  0%| F|  |TAMS 0x0000000084a00000, 0x0000000084a00000| Untracked 
|  45|0x0000000084b00000, 0x0000000084b00000, 0x0000000084c00000|  0%| F|  |TAMS 0x0000000084b00000, 0x0000000084b00000| Untracked 
|  46|0x0000000084c00000, 0x0000000084c00000, 0x0000000084d00000|  0%| F|  |TAMS 0x0000000084c00000, 0x0000000084c00000| Untracked 
|  47|0x0000000084d00000, 0x0000000084d00000, 0x0000000084e00000|  0%| F|  |TAMS 0x0000000084d00000, 0x0000000084d00000| Untracked 
|  48|0x0000000084e00000, 0x0000000084e00000, 0x0000000084f00000|  0%| F|  |TAMS 0x0000000084e00000, 0x0000000084e00000| Untracked 
|  49|0x0000000084f00000, 0x0000000084f00000, 0x0000000085000000|  0%| F|  |TAMS 0x0000000084f00000, 0x0000000084f00000| Untracked 
|  50|0x0000000085000000, 0x0000000085000000, 0x0000000085100000|  0%| F|  |TAMS 0x0000000085000000, 0x0000000085000000| Untracked 
|  51|0x0000000085100000, 0x0000000085100000, 0x0000000085200000|  0%| F|  |TAMS 0x0000000085100000, 0x0000000085100000| Untracked 
|  52|0x0000000085200000, 0x0000000085200000, 0x0000000085300000|  0%| F|  |TAMS 0x0000000085200000, 0x0000000085200000| Untracked 
|  53|0x0000000085300000, 0x0000000085300000, 0x0000000085400000|  0%| F|  |TAMS 0x0000000085300000, 0x0000000085300000| Untracked 
|  54|0x0000000085400000, 0x0000000085400000, 0x0000000085500000|  0%| F|  |TAMS 0x0000000085400000, 0x0000000085400000| Untracked 
|  55|0x0000000085500000, 0x0000000085500000, 0x0000000085600000|  0%| F|  |TAMS 0x0000000085500000, 0x0000000085500000| Untracked 
|  56|0x0000000085600000, 0x0000000085600000, 0x0000000085700000|  0%| F|  |TAMS 0x0000000085600000, 0x0000000085600000| Untracked 
|  57|0x0000000085700000, 0x0000000085700000, 0x0000000085800000|  0%| F|  |TAMS 0x0000000085700000, 0x0000000085700000| Untracked 
|  58|0x0000000085800000, 0x0000000085800000, 0x0000000085900000|  0%| F|  |TAMS 0x0000000085800000, 0x0000000085800000| Untracked 
|  59|0x0000000085900000, 0x0000000085900000, 0x0000000085a00000|  0%| F|  |TAMS 0x0000000085900000, 0x0000000085900000| Untracked 
|  60|0x0000000085a00000, 0x0000000085a00000, 0x0000000085b00000|  0%| F|  |TAMS 0x0000000085a00000, 0x0000000085a00000| Untracked 
|  61|0x0000000085b00000, 0x0000000085b00000, 0x0000000085c00000|  0%| F|  |TAMS 0x0000000085b00000, 0x0000000085b00000| Untracked 
|  62|0x0000000085c00000, 0x0000000085c00000, 0x0000000085d00000|  0%| F|  |TAMS 0x0000000085c00000, 0x0000000085c00000| Untracked 
|  63|0x0000000085d00000, 0x0000000085d00000, 0x0000000085e00000|  0%| F|  |TAMS 0x0000000085d00000, 0x0000000085d00000| Untracked 
|  64|0x0000000085e00000, 0x0000000085e00000, 0x0000000085f00000|  0%| F|  |TAMS 0x0000000085e00000, 0x0000000085e00000| Untracked 
|  65|0x0000000085f00000, 0x0000000085f00000, 0x0000000086000000|  0%| F|  |TAMS 0x0000000085f00000, 0x0000000085f00000| Untracked 
|  66|0x0000000086000000, 0x0000000086000000, 0x0000000086100000|  0%| F|  |TAMS 0x0000000086000000, 0x0000000086000000| Untracked 
|  67|0x0000000086100000, 0x0000000086100000, 0x0000000086200000|  0%| F|  |TAMS 0x0000000086100000, 0x0000000086100000| Untracked 
|  68|0x0000000086200000, 0x0000000086200000, 0x0000000086300000|  0%| F|  |TAMS 0x0000000086200000, 0x0000000086200000| Untracked 
|  69|0x0000000086300000, 0x0000000086300000, 0x0000000086400000|  0%| F|  |TAMS 0x0000000086300000, 0x0000000086300000| Untracked 
|  70|0x0000000086400000, 0x0000000086400000, 0x0000000086500000|  0%| F|  |TAMS 0x0000000086400000, 0x0000000086400000| Untracked 
|  71|0x0000000086500000, 0x0000000086500000, 0x0000000086600000|  0%| F|  |TAMS 0x0000000086500000, 0x0000000086500000| Untracked 
|  72|0x0000000086600000, 0x0000000086600000, 0x0000000086700000|  0%| F|  |TAMS 0x0000000086600000, 0x0000000086600000| Untracked 
|  73|0x0000000086700000, 0x0000000086700000, 0x0000000086800000|  0%| F|  |TAMS 0x0000000086700000, 0x0000000086700000| Untracked 
|  74|0x0000000086800000, 0x0000000086800000, 0x0000000086900000|  0%| F|  |TAMS 0x0000000086800000, 0x0000000086800000| Untracked 
|  75|0x0000000086900000, 0x0000000086900000, 0x0000000086a00000|  0%| F|  |TAMS 0x0000000086900000, 0x0000000086900000| Untracked 
|  76|0x0000000086a00000, 0x0000000086a00000, 0x0000000086b00000|  0%| F|  |TAMS 0x0000000086a00000, 0x0000000086a00000| Untracked 
|  77|0x0000000086b00000, 0x0000000086b00000, 0x0000000086c00000|  0%| F|  |TAMS 0x0000000086b00000, 0x0000000086b00000| Untracked 
|  78|0x0000000086c00000, 0x0000000086c00000, 0x0000000086d00000|  0%| F|  |TAMS 0x0000000086c00000, 0x0000000086c00000| Untracked 
|  79|0x0000000086d00000, 0x0000000086d00000, 0x0000000086e00000|  0%| F|  |TAMS 0x0000000086d00000, 0x0000000086d00000| Untracked 
|  80|0x0000000086e00000, 0x0000000086e00000, 0x0000000086f00000|  0%| F|  |TAMS 0x0000000086e00000, 0x0000000086e00000| Untracked 
|  81|0x0000000086f00000, 0x0000000086f00000, 0x0000000087000000|  0%| F|  |TAMS 0x0000000086f00000, 0x0000000086f00000| Untracked 
|  82|0x0000000087000000, 0x0000000087000000, 0x0000000087100000|  0%| F|  |TAMS 0x0000000087000000, 0x0000000087000000| Untracked 
|  83|0x0000000087100000, 0x0000000087100000, 0x0000000087200000|  0%| F|  |TAMS 0x0000000087100000, 0x0000000087100000| Untracked 
|  84|0x0000000087200000, 0x0000000087200000, 0x0000000087300000|  0%| F|  |TAMS 0x0000000087200000, 0x0000000087200000| Untracked 
|  85|0x0000000087300000, 0x0000000087300000, 0x0000000087400000|  0%| F|  |TAMS 0x0000000087300000, 0x0000000087300000| Untracked 
|  86|0x0000000087400000, 0x0000000087400000, 0x0000000087500000|  0%| F|  |TAMS 0x0000000087400000, 0x0000000087400000| Untracked 
|  87|0x0000000087500000, 0x0000000087500000, 0x0000000087600000|  0%| F|  |TAMS 0x0000000087500000, 0x0000000087500000| Untracked 
|  88|0x0000000087600000, 0x0000000087600000, 0x0000000087700000|  0%| F|  |TAMS 0x0000000087600000, 0x0000000087600000| Untracked 
|  89|0x0000000087700000, 0x0000000087700000, 0x0000000087800000|  0%| F|  |TAMS 0x0000000087700000, 0x0000000087700000| Untracked 
|  90|0x0000000087800000, 0x0000000087800000, 0x0000000087900000|  0%| F|  |TAMS 0x0000000087800000, 0x0000000087800000| Untracked 
|  91|0x0000000087900000, 0x0000000087900000, 0x0000000087a00000|  0%| F|  |TAMS 0x0000000087900000, 0x0000000087900000| Untracked 
|  92|0x0000000087a00000, 0x0000000087a00000, 0x0000000087b00000|  0%| F|  |TAMS 0x0000000087a00000, 0x0000000087a00000| Untracked 
|  93|0x0000000087b00000, 0x0000000087b7d868, 0x0000000087c00000| 49%| S|CS|TAMS 0x0000000087b00000, 0x0000000087b00000| Complete 
|  94|0x0000000087c00000, 0x0000000087d00000, 0x0000000087d00000|100%| S|CS|TAMS 0x0000000087c00000, 0x0000000087c00000| Complete 
|  95|0x0000000087d00000, 0x0000000087d00000, 0x0000000087e00000|  0%| F|  |TAMS 0x0000000087d00000, 0x0000000087d00000| Untracked 
|  96|0x0000000087e00000, 0x0000000087e00000, 0x0000000087f00000|  0%| F|  |TAMS 0x0000000087e00000, 0x0000000087e00000| Untracked 
|  97|0x0000000087f00000, 0x0000000087f00000, 0x0000000088000000|  0%| F|  |TAMS 0x0000000087f00000, 0x0000000087f00000| Untracked 
|  98|0x0000000088000000, 0x0000000088000000, 0x0000000088100000|  0%| F|  |TAMS 0x0000000088000000, 0x0000000088000000| Untracked 
|  99|0x0000000088100000, 0x0000000088100000, 0x0000000088200000|  0%| F|  |TAMS 0x0000000088100000, 0x0000000088100000| Untracked 
| 100|0x0000000088200000, 0x0000000088200000, 0x0000000088300000|  0%| F|  |TAMS 0x0000000088200000, 0x0000000088200000| Untracked 
| 101|0x0000000088300000, 0x0000000088300000, 0x0000000088400000|  0%| F|  |TAMS 0x0000000088300000, 0x0000000088300000| Untracked 
| 102|0x0000000088400000, 0x0000000088400000, 0x0000000088500000|  0%| F|  |TAMS 0x0000000088400000, 0x0000000088400000| Untracked 
| 103|0x0000000088500000, 0x0000000088500000, 0x0000000088600000|  0%| F|  |TAMS 0x0000000088500000, 0x0000000088500000| Untracked 
| 104|0x0000000088600000, 0x0000000088600000, 0x0000000088700000|  0%| F|  |TAMS 0x0000000088600000, 0x0000000088600000| Untracked 
| 105|0x0000000088700000, 0x0000000088700000, 0x0000000088800000|  0%| F|  |TAMS 0x0000000088700000, 0x0000000088700000| Untracked 
| 106|0x0000000088800000, 0x0000000088800000, 0x0000000088900000|  0%| F|  |TAMS 0x0000000088800000, 0x0000000088800000| Untracked 
| 107|0x0000000088900000, 0x0000000088900000, 0x0000000088a00000|  0%| F|  |TAMS 0x0000000088900000, 0x0000000088900000| Untracked 
| 108|0x0000000088a00000, 0x0000000088a00000, 0x0000000088b00000|  0%| F|  |TAMS 0x0000000088a00000, 0x0000000088a00000| Untracked 
| 109|0x0000000088b00000, 0x0000000088b00000, 0x0000000088c00000|  0%| F|  |TAMS 0x0000000088b00000, 0x0000000088b00000| Untracked 
| 110|0x0000000088c00000, 0x0000000088c00000, 0x0000000088d00000|  0%| F|  |TAMS 0x0000000088c00000, 0x0000000088c00000| Untracked 
| 111|0x0000000088d00000, 0x0000000088d00000, 0x0000000088e00000|  0%| F|  |TAMS 0x0000000088d00000, 0x0000000088d00000| Untracked 
| 112|0x0000000088e00000, 0x0000000088e00000, 0x0000000088f00000|  0%| F|  |TAMS 0x0000000088e00000, 0x0000000088e00000| Untracked 
| 113|0x0000000088f00000, 0x0000000088f00000, 0x0000000089000000|  0%| F|  |TAMS 0x0000000088f00000, 0x0000000088f00000| Untracked 
| 114|0x0000000089000000, 0x0000000089000000, 0x0000000089100000|  0%| F|  |TAMS 0x0000000089000000, 0x0000000089000000| Untracked 
| 115|0x0000000089100000, 0x0000000089180000, 0x0000000089200000| 50%| E|  |TAMS 0x0000000089100000, 0x0000000089100000| Complete 
| 116|0x0000000089200000, 0x0000000089300000, 0x0000000089300000|100%| E|CS|TAMS 0x0000000089200000, 0x0000000089200000| Complete 
| 117|0x0000000089300000, 0x0000000089400000, 0x0000000089400000|100%| E|CS|TAMS 0x0000000089300000, 0x0000000089300000| Complete 
| 118|0x0000000089400000, 0x0000000089500000, 0x0000000089500000|100%| E|CS|TAMS 0x0000000089400000, 0x0000000089400000| Complete 
| 119|0x0000000089500000, 0x0000000089600000, 0x0000000089600000|100%| E|CS|TAMS 0x0000000089500000, 0x0000000089500000| Complete 
| 120|0x0000000089600000, 0x0000000089700000, 0x0000000089700000|100%| E|CS|TAMS 0x0000000089600000, 0x0000000089600000| Complete 
| 121|0x0000000089700000, 0x0000000089800000, 0x0000000089800000|100%| E|CS|TAMS 0x0000000089700000, 0x0000000089700000| Complete 
| 122|0x0000000089800000, 0x0000000089900000, 0x0000000089900000|100%| E|CS|TAMS 0x0000000089800000, 0x0000000089800000| Complete 
| 123|0x0000000089900000, 0x0000000089a00000, 0x0000000089a00000|100%| E|CS|TAMS 0x0000000089900000, 0x0000000089900000| Complete 
| 124|0x0000000089a00000, 0x0000000089b00000, 0x0000000089b00000|100%| E|CS|TAMS 0x0000000089a00000, 0x0000000089a00000| Complete 
| 125|0x0000000089b00000, 0x0000000089c00000, 0x0000000089c00000|100%| E|CS|TAMS 0x0000000089b00000, 0x0000000089b00000| Complete 
| 126|0x0000000089c00000, 0x0000000089d00000, 0x0000000089d00000|100%| E|CS|TAMS 0x0000000089c00000, 0x0000000089c00000| Complete 
| 127|0x0000000089d00000, 0x0000000089e00000, 0x0000000089e00000|100%| E|CS|TAMS 0x0000000089d00000, 0x0000000089d00000| Complete 

Card table byte_map: [0x00000243c6a20000,0x00000243c6e20000] _byte_map_base: 0x00000243c6611000

Marking Bits (Prev, Next): (CMBitMap*) 0x00000243af7f7c70, (CMBitMap*) 0x00000243af7f7cb0
 Prev Bits: [0x00000243c7220000, 0x00000243c91a8000)
 Next Bits: [0x00000243c91b0000, 0x00000243cb138000)

Polling page: 0x00000243ad980000

Metaspace:

Usage:
  Non-class:      9.58 MB used.
      Class:      1.35 MB used.
       Both:     10.93 MB used.

Virtual space:
  Non-class space:       64.00 MB reserved,       9.69 MB ( 15%) committed,  1 nodes.
      Class space:        1.00 GB reserved,       1.44 MB ( <1%) committed,  1 nodes.
             Both:        1.06 GB reserved,      11.12 MB (  1%) committed. 

Chunk freelists:
   Non-Class:  4.91 MB
       Class:  14.61 MB
        Both:  19.52 MB

MaxMetaspaceSize: unlimited
CompressedClassSpaceSize: 1.00 GB
Initial GC threshold: 21.00 MB
Current GC threshold: 21.00 MB
CDS: on
MetaspaceReclaimPolicy: balanced
 - commit_granule_bytes: 65536.
 - commit_granule_words: 8192.
 - virtual_space_node_default_size: 8388608.
 - enlarge_chunks_in_place: 1.
 - new_chunks_are_fully_committed: 0.
 - uncommit_free_chunks: 1.
 - use_allocation_guard: 0.
 - handle_deallocations: 1.


Internal statistics:

num_allocs_failed_limit: 0.
num_arena_births: 62.
num_arena_deaths: 0.
num_vsnodes_births: 2.
num_vsnodes_deaths: 0.
num_space_committed: 178.
num_space_uncommitted: 0.
num_chunks_returned_to_freelist: 0.
num_chunks_taken_from_freelist: 459.
num_chunk_merges: 0.
num_chunk_splits: 305.
num_chunks_enlarged: 245.
num_inconsistent_stats: 0.

CodeHeap 'non-profiled nmethods': size=120000Kb used=810Kb max_used=810Kb free=119190Kb
 bounds [0x00000243bedc0000, 0x00000243bf030000, 0x00000243c62f0000]
CodeHeap 'profiled nmethods': size=120000Kb used=3971Kb max_used=3971Kb free=116029Kb
 bounds [0x00000243b72f0000, 0x00000243b76e0000, 0x00000243be820000]
CodeHeap 'non-nmethods': size=5760Kb used=1157Kb max_used=1198Kb free=4602Kb
 bounds [0x00000243be820000, 0x00000243bea90000, 0x00000243bedc0000]
 total_blobs=2486 nmethods=2042 adapters=356
 compilation: enabled
              stopped_count=0, restarted_count=0
 full_count=0

Compilation events (20 events):
Event: 5.068 Thread 0x00000243cd5412d0 nmethod 1987 0x00000243b76b2890 code [0x00000243b76b2a60, 0x00000243b76b2d28]
Event: 5.068 Thread 0x00000243cd5412d0 1988       3       java.util.stream.ReduceOps$ReduceOp::evaluateSequential (18 bytes)
Event: 5.069 Thread 0x00000243cd5412d0 nmethod 1988 0x00000243b76b2e90 code [0x00000243b76b3060, 0x00000243b76b34f8]
Event: 5.069 Thread 0x00000243cd5412d0 1989       3       java.util.stream.ReduceOps$3::makeSink (5 bytes)
Event: 5.069 Thread 0x00000243cd5412d0 nmethod 1989 0x00000243b76b3690 code [0x00000243b76b3840, 0x00000243b76b3988]
Event: 5.069 Thread 0x00000243cd5412d0 1992       3       java.lang.reflect.Executable::sharedGetParameterAnnotations (96 bytes)
Event: 5.070 Thread 0x00000243cd5412d0 nmethod 1992 0x00000243b76b3a10 code [0x00000243b76b3ca0, 0x00000243b76b49f8]
Event: 5.070 Thread 0x00000243cd5412d0 1993       3       java.util.Collection::stream (11 bytes)
Event: 5.070 Thread 0x00000243cd5412d0 nmethod 1993 0x00000243b76b4e90 code [0x00000243b76b5040, 0x00000243b76b5238]
Event: 5.070 Thread 0x00000243cd5412d0 1994       3       java.lang.reflect.Constructor::getParameterAnnotations (13 bytes)
Event: 5.071 Thread 0x00000243cd5412d0 nmethod 1994 0x00000243b76b5310 code [0x00000243b76b54c0, 0x00000243b76b5688]
Event: 5.071 Thread 0x00000243cd5412d0 1991       1       com.google.inject.internal.KotlinSupport$KotlinUnsupported::isLocalClass (2 bytes)
Event: 5.071 Thread 0x00000243cd5412d0 nmethod 1991 0x00000243bee88210 code [0x00000243bee883a0, 0x00000243bee88478]
Event: 5.076 Thread 0x00000244138194f0 nmethod 1982 0x00000243bee88510 code [0x00000243bee886c0, 0x00000243bee88a98]
Event: 5.076 Thread 0x00000244138194f0 1990       4       com.google.inject.internal.KotlinSupport::getInstance (4 bytes)
Event: 5.076 Thread 0x00000244138194f0 nmethod 1990 0x00000243bee88e10 code [0x00000243bee88f80, 0x00000243bee88fd8]
Event: 5.094 Thread 0x00000244138194f0 1995       4       java.lang.StringConcatHelper::newString (67 bytes)
Event: 5.096 Thread 0x00000244138194f0 nmethod 1995 0x00000243bee89110 code [0x00000243bee892a0, 0x00000243bee89398]
Event: 5.114 Thread 0x00000244138194f0 1996       4       java.util.jar.JarFile::maybeInstantiateVerifier (42 bytes)
Event: 5.117 Thread 0x00000244138194f0 nmethod 1996 0x00000243bee89490 code [0x00000243bee89620, 0x00000243bee89708]

GC Heap History (4 events):
Event: 2.033 GC heap before
{Heap before GC invocations=0 (full 0):
 garbage-first heap   total 131072K, used 22528K [0x0000000081e00000, 0x0000000100000000)
  region size 1024K, 23 young (23552K), 0 survivors (0K)
 Metaspace       used 5390K, committed 5568K, reserved 1114112K
  class space    used 649K, committed 768K, reserved 1048576K
}
Event: 2.086 GC heap after
{Heap after GC invocations=1 (full 0):
 garbage-first heap   total 131072K, used 3667K [0x0000000081e00000, 0x0000000100000000)
  region size 1024K, 3 young (3072K), 3 survivors (3072K)
 Metaspace       used 5390K, committed 5568K, reserved 1114112K
  class space    used 649K, committed 768K, reserved 1048576K
}
Event: 3.822 GC heap before
{Heap before GC invocations=1 (full 0):
 garbage-first heap   total 131072K, used 33363K [0x0000000081e00000, 0x0000000100000000)
  region size 1024K, 33 young (33792K), 3 survivors (3072K)
 Metaspace       used 9058K, committed 9280K, reserved 1114112K
  class space    used 1102K, committed 1216K, reserved 1048576K
}
Event: 3.831 GC heap after
{Heap after GC invocations=2 (full 0):
 garbage-first heap   total 131072K, used 5156K [0x0000000081e00000, 0x0000000100000000)
  region size 1024K, 2 young (2048K), 2 survivors (2048K)
 Metaspace       used 9058K, committed 9280K, reserved 1114112K
  class space    used 1102K, committed 1216K, reserved 1048576K
}

Dll operation events (8 events):
Event: 0.028 Loaded shared library C:\Users\Dell\.jdk\jdk-17.0.16\bin\java.dll
Event: 0.068 Loaded shared library C:\Users\Dell\.jdk\jdk-17.0.16\bin\jsvml.dll
Event: 0.155 Loaded shared library C:\Users\Dell\.jdk\jdk-17.0.16\bin\net.dll
Event: 0.159 Loaded shared library C:\Users\Dell\.jdk\jdk-17.0.16\bin\nio.dll
Event: 0.164 Loaded shared library C:\Users\Dell\.jdk\jdk-17.0.16\bin\zip.dll
Event: 0.483 Loaded shared library C:\Users\Dell\.m2\wrapper\dists\apache-maven-3.9.11\03d7e36a140982eea48e22c1dcac01d8862b2550b2939e09a0809bbc5182a5bc\lib\jansi-native\Windows\x86_64\jansi.dll
Event: 0.517 Loaded shared library C:\Users\Dell\.jdk\jdk-17.0.16\bin\verify.dll
Event: 0.524 Loaded shared library C:\Users\Dell\.jdk\jdk-17.0.16\bin\jimage.dll

Deoptimization events (20 events):
Event: 4.524 Thread 0x00000243af798290 DEOPT PACKING pc=0x00000243bee7a910 sp=0x000000f70f5fdb80
Event: 4.524 Thread 0x00000243af798290 DEOPT UNPACKING pc=0x00000243be8769a3 sp=0x000000f70f5fdb30 mode 2
Event: 4.524 Thread 0x00000243af798290 Uncommon trap: trap_request=0xffffffd6 fr.pc=0x00000243bee7a910 relative=0x0000000000000170
Event: 4.525 Thread 0x00000243af798290 Uncommon trap: reason=array_check action=maybe_recompile pc=0x00000243bee7a910 method=java.util.stream.Nodes$FixedNodeBuilder.accept(Ljava/lang/Object;)V @ 28 c2
Event: 4.525 Thread 0x00000243af798290 DEOPT PACKING pc=0x00000243bee7a910 sp=0x000000f70f5fdb80
Event: 4.525 Thread 0x00000243af798290 DEOPT UNPACKING pc=0x00000243be8769a3 sp=0x000000f70f5fdb30 mode 2
Event: 4.777 Thread 0x00000243af798290 Uncommon trap: trap_request=0xffffff45 fr.pc=0x00000243bee038ac relative=0x000000000000028c
Event: 4.777 Thread 0x00000243af798290 Uncommon trap: reason=unstable_if action=reinterpret pc=0x00000243bee038ac method=java.util.concurrent.ConcurrentHashMap.get(Ljava/lang/Object;)Ljava/lang/Object; @ 76 c2
Event: 4.777 Thread 0x00000243af798290 DEOPT PACKING pc=0x00000243bee038ac sp=0x000000f70f5fb260
Event: 4.777 Thread 0x00000243af798290 DEOPT UNPACKING pc=0x00000243be8769a3 sp=0x000000f70f5fb1d8 mode 2
Event: 4.805 Thread 0x00000243af798290 Uncommon trap: trap_request=0xffffff45 fr.pc=0x00000243bee4371c relative=0x000000000000017c
Event: 4.805 Thread 0x00000243af798290 Uncommon trap: reason=unstable_if action=reinterpret pc=0x00000243bee4371c method=java.lang.ClassLoader.checkName(Ljava/lang/String;)Z @ 1 c2
Event: 4.805 Thread 0x00000243af798290 DEOPT PACKING pc=0x00000243bee4371c sp=0x000000f70f5fd790
Event: 4.805 Thread 0x00000243af798290 DEOPT UNPACKING pc=0x00000243be8769a3 sp=0x000000f70f5fd728 mode 2
Event: 4.828 Thread 0x00000243af798290 Uncommon trap: trap_request=0xffffff45 fr.pc=0x00000243bee7e514 relative=0x00000000000002f4
Event: 4.828 Thread 0x00000243af798290 Uncommon trap: reason=unstable_if action=reinterpret pc=0x00000243bee7e514 method=jdk.internal.org.objectweb.asm.SymbolTable.put(Ljdk/internal/org/objectweb/asm/SymbolTable$Entry;)Ljdk/internal/org/objectweb/asm/SymbolTable$Entry; @ 13 c2
Event: 4.828 Thread 0x00000243af798290 DEOPT PACKING pc=0x00000243bee7e514 sp=0x000000f70f5fd2e0
Event: 4.828 Thread 0x00000243af798290 DEOPT UNPACKING pc=0x00000243be8769a3 sp=0x000000f70f5fd260 mode 2
Event: 4.932 Thread 0x00000243af798290 DEOPT PACKING pc=0x00000243b76645d4 sp=0x000000f70f5fdc30
Event: 4.932 Thread 0x00000243af798290 DEOPT UNPACKING pc=0x00000243be877143 sp=0x000000f70f5fd190 mode 0

Classes loaded (20 events):
Event: 4.532 Loading class java/nio/channels/OverlappingFileLockException
Event: 4.532 Loading class java/nio/channels/OverlappingFileLockException done
Event: 4.533 Loading class java/nio/channels/FileLock
Event: 4.533 Loading class java/nio/channels/FileLock done
Event: 4.636 Loading class java/nio/file/AccessDeniedException
Event: 4.637 Loading class java/nio/file/FileSystemException
Event: 4.637 Loading class java/nio/file/FileSystemException done
Event: 4.637 Loading class java/nio/file/AccessDeniedException done
Event: 4.767 Loading class java/lang/ExceptionInInitializerError
Event: 4.767 Loading class java/lang/ExceptionInInitializerError done
Event: 4.768 Loading class sun/misc/Unsafe
Event: 4.769 Loading class sun/misc/Unsafe done
Event: 4.769 Loading class jdk/internal/reflect/UnsafeFieldAccessorFactory
Event: 4.769 Loading class jdk/internal/reflect/UnsafeFieldAccessorFactory done
Event: 4.769 Loading class jdk/internal/reflect/UnsafeQualifiedStaticObjectFieldAccessorImpl
Event: 4.770 Loading class jdk/internal/reflect/UnsafeQualifiedStaticFieldAccessorImpl
Event: 4.770 Loading class jdk/internal/reflect/UnsafeQualifiedStaticFieldAccessorImpl done
Event: 4.770 Loading class jdk/internal/reflect/UnsafeQualifiedStaticObjectFieldAccessorImpl done
Event: 4.777 Loading class jdk/internal/vm/annotation/ForceInline
Event: 4.777 Loading class jdk/internal/vm/annotation/ForceInline done

Classes unloaded (0 events):
No events

Classes redefined (0 events):
No events

Internal exceptions (20 events):
Event: 0.499 Thread 0x00000243af798290 Exception <a 'java/lang/NullPointerException'{0x00000000899bfe50}> (0x00000000899bfe50) 
thrown [s\src\hotspot\share\interpreter\linkResolver.cpp, line 1350]
Event: 0.499 Thread 0x00000243af798290 Exception <a 'java/lang/NullPointerException'{0x00000000899c0128}> (0x00000000899c0128) 
thrown [s\src\hotspot\share\interpreter\linkResolver.cpp, line 1350]
Event: 0.499 Thread 0x00000243af798290 Exception <a 'java/lang/NullPointerException'{0x00000000899c0400}> (0x00000000899c0400) 
thrown [s\src\hotspot\share\interpreter\linkResolver.cpp, line 1350]
Event: 0.499 Thread 0x00000243af798290 Exception <a 'java/lang/NullPointerException'{0x00000000899c06d8}> (0x00000000899c06d8) 
thrown [s\src\hotspot\share\interpreter\linkResolver.cpp, line 1350]
Event: 0.541 Thread 0x00000243af798290 Exception <a 'java/lang/NoSuchMethodError'{0x000000008985ed38}: 'void java.lang.invoke.DirectMethodHandle$Holder.invokeStatic(java.lang.Object, java.lang.Object)'> (0x000000008985ed38) 
thrown [s\src\hotspot\share\interpreter\linkResolver.cpp, line 759]
Event: 0.544 Thread 0x00000243af798290 Exception <a 'java/lang/NoSuchMethodError'{0x0000000089862650}: 'void java.lang.invoke.DirectMethodHandle$Holder.invokeStaticInit(java.lang.Object, java.lang.Object)'> (0x0000000089862650) 
thrown [s\src\hotspot\share\interpreter\linkResolver.cpp, line 759]
Event: 0.583 Thread 0x00000243af798290 Exception <a 'java/lang/NoSuchMethodError'{0x00000000898ba510}: 'void java.lang.invoke.DirectMethodHandle$Holder.invokeStatic(java.lang.Object, java.lang.Object, java.lang.Object)'> (0x00000000898ba510) 
thrown [s\src\hotspot\share\interpreter\linkResolver.cpp, line 759]
Event: 0.771 Thread 0x00000243af798290 Exception <a 'java/lang/NoSuchMethodError'{0x000000008966d268}: 'java.lang.Object java.lang.invoke.DirectMethodHandle$Holder.invokeSpecialIFC(java.lang.Object, java.lang.Object, java.lang.Object, java.lang.Object)'> (0x000000008966d268) 
thrown [s\src\hotspot\share\interpreter\linkResolver.cpp, line 759]
Event: 1.299 Thread 0x00000243af798290 Exception <a 'java/lang/NoSuchMethodError'{0x00000000890b04d0}: 'void java.lang.invoke.DirectMethodHandle$Holder.invokeSpecial(java.lang.Object, java.lang.Object, java.lang.Object)'> (0x00000000890b04d0) 
thrown [s\src\hotspot\share\interpreter\linkResolver.cpp, line 759]
Event: 1.457 Thread 0x00000243af798290 Exception <a 'java/lang/NoSuchMethodError'{0x0000000088e299b8}: 'java.lang.Object java.lang.invoke.DirectMethodHandle$Holder.invokeInterface(java.lang.Object, java.lang.Object)'> (0x0000000088e299b8) 
thrown [s\src\hotspot\share\interpreter\linkResolver.cpp, line 759]
Event: 1.542 Thread 0x00000243af798290 Exception <a 'java/lang/NoSuchMethodError'{0x0000000088ee0918}: 'java.lang.Object java.lang.invoke.Invokers$Holder.invokeExact_MT(java.lang.Object, java.lang.Object, java.lang.Object, java.lang.Object, java.lang.Object, java.lang.Object)'> (0x0000000088ee0918) 
thrown [s\src\hotspot\share\interpreter\linkResolver.cpp, line 759]
Event: 1.557 Thread 0x00000243af798290 Exception <a 'java/lang/NoSuchMethodError'{0x0000000088ef2078}: 'int java.lang.invoke.DirectMethodHandle$Holder.invokeSpecialIFC(java.lang.Object, java.lang.Object, java.lang.Object, java.lang.Object, java.lang.Object)'> (0x0000000088ef2078) 
thrown [s\src\hotspot\share\interpreter\linkResolver.cpp, line 759]
Event: 1.710 Thread 0x00000243af798290 Exception <a 'java/lang/NoSuchMethodError'{0x0000000088cbc320}: 'java.lang.Object java.lang.invoke.DirectMethodHandle$Holder.newInvokeSpecial(java.lang.Object, java.lang.Object, java.lang.Object, java.lang.Object, java.lang.Object)'> (0x0000000088cbc320) 
thrown [s\src\hotspot\share\interpreter\linkResolver.cpp, line 759]
Event: 1.808 Thread 0x00000243af798290 Exception <a 'java/lang/NoSuchMethodError'{0x0000000088becc58}: 'int java.lang.invoke.DirectMethodHandle$Holder.invokeStaticInit(java.lang.Object, java.lang.Object)'> (0x0000000088becc58) 
thrown [s\src\hotspot\share\interpreter\linkResolver.cpp, line 759]
Event: 1.827 Thread 0x00000243af798290 Exception <a 'java/lang/NoClassDefFoundError'{0x0000000088a282d8}: javax/enterprise/inject/Typed> (0x0000000088a282d8) 
thrown [s\src\hotspot\share\classfile\systemDictionary.cpp, line 245]
Event: 4.756 Thread 0x00000243af798290 Exception <a 'java/lang/NoSuchMethodError'{0x00000000896acf58}: 'void java.lang.invoke.DirectMethodHandle$Holder.invokeStaticInit(java.lang.Object, java.lang.Object, java.lang.Object)'> (0x00000000896acf58) 
thrown [s\src\hotspot\share\interpreter\linkResolver.cpp, line 759]
Event: 4.774 Thread 0x00000243af798290 Exception <a 'java/lang/ExceptionInInitializerError'{0x00000000896dbe28}> (0x00000000896dbe28) 
thrown [s\src\hotspot\share\oops\instanceKlass.cpp, line 1218]
Event: 4.805 Thread 0x00000243af798290 Implicit null exception at 0x00000243bee435af to 0x00000243bee4370c
Event: 4.809 Thread 0x00000243af798290 Exception <a 'java/lang/NoSuchMethodError'{0x00000000895472f8}: 'java.lang.Object java.lang.invoke.Invokers$Holder.invokeExact_MT(java.lang.Object, int, java.lang.Object)'> (0x00000000895472f8) 
thrown [s\src\hotspot\share\interpreter\linkResolver.cpp, line 759]
Event: 4.846 Thread 0x00000243af798290 Exception <a 'java/lang/NoSuchMethodError'{0x00000000895cdb30}: 'int java.lang.invoke.DirectMethodHandle$Holder.invokeSpecial(java.lang.Object, java.lang.Object, java.lang.Object, java.lang.Object)'> (0x00000000895cdb30) 
thrown [s\src\hotspot\share\interpreter\linkResolver.cpp, line 759]

VM Operations (20 events):
Event: 2.028 Executing VM operation: G1CollectForAllocation
Event: 2.086 Executing VM operation: G1CollectForAllocation done
Event: 3.088 Executing VM operation: Cleanup
Event: 3.103 Executing VM operation: Cleanup done
Event: 3.217 Executing VM operation: HandshakeAllThreads
Event: 3.226 Executing VM operation: HandshakeAllThreads done
Event: 3.671 Executing VM operation: HandshakeAllThreads
Event: 3.671 Executing VM operation: HandshakeAllThreads done
Event: 3.807 Executing VM operation: G1CollectForAllocation
Event: 3.831 Executing VM operation: G1CollectForAllocation done
Event: 4.785 Executing VM operation: HandshakeAllThreads
Event: 4.785 Executing VM operation: HandshakeAllThreads done
Event: 4.921 Executing VM operation: HandshakeAllThreads
Event: 4.921 Executing VM operation: HandshakeAllThreads done
Event: 4.921 Executing VM operation: Cleanup
Event: 4.921 Executing VM operation: Cleanup done
Event: 4.930 Executing VM operation: HandshakeAllThreads
Event: 4.930 Executing VM operation: HandshakeAllThreads done
Event: 5.930 Executing VM operation: Cleanup
Event: 5.930 Executing VM operation: Cleanup done

Memory protections (0 events):
No events

Nmethod flushes (0 events):
No events

Events (19 events):
Event: 0.069 Thread 0x00000243af798290 Thread added: 0x00000243af798290
Event: 0.083 Thread 0x00000243af798290 Thread added: 0x00000243cd5206d0
Event: 0.083 Thread 0x00000243af798290 Thread added: 0x00000243cd521290
Event: 0.107 Thread 0x00000243af798290 Thread added: 0x00000243cd53bde0
Event: 0.107 Thread 0x00000243af798290 Thread added: 0x00000243cd53c7a0
Event: 0.107 Thread 0x00000243af798290 Thread added: 0x00000243cd53d160
Event: 0.108 Thread 0x00000243af798290 Thread added: 0x00000243cd53db20
Event: 0.108 Thread 0x00000243af798290 Thread added: 0x00000243cd53e810
Event: 0.108 Thread 0x00000243af798290 Thread added: 0x00000243cd5412d0
Event: 0.108 Thread 0x00000243af798290 Thread added: 0x00000243cd541cd0
Event: 0.141 Thread 0x00000243af798290 Thread added: 0x00000243cdd005d0
Event: 0.149 Thread 0x00000243af798290 Thread added: 0x00000243cdd01720
Event: 0.478 Thread 0x00000243af798290 Thread added: 0x00000243cdef5a70
Event: 0.701 Thread 0x00000243cd5412d0 Thread added: 0x00000244130bc750
Event: 1.336 Thread 0x00000244130bc750 Thread exited: 0x00000244130bc750
Event: 1.925 Thread 0x00000243cd5412d0 Thread added: 0x00000244136f2b70
Event: 3.445 Thread 0x00000244136f2b70 Thread exited: 0x00000244136f2b70
Event: 4.755 Thread 0x00000243cd5412d0 Thread added: 0x00000244138194f0
Event: 4.757 Thread 0x00000243cdef5a70 Thread exited: 0x00000243cdef5a70


Dynamic libraries:
0x00007ff7e4310000 - 0x00007ff7e431e000 	C:\Users\Dell\.jdk\jdk-17.0.16\bin\java.exe
0x00007fff8d0e0000 - 0x00007fff8d348000 	C:\WINDOWS\SYSTEM32\ntdll.dll
0x00007fff8c1b0000 - 0x00007fff8c279000 	C:\WINDOWS\System32\KERNEL32.DLL
0x00007fff8a8a0000 - 0x00007fff8ac91000 	C:\WINDOWS\System32\KERNELBASE.dll
0x00007fff89c80000 - 0x00007fff89dcb000 	C:\WINDOWS\System32\ucrtbase.dll
0x00007fff75de0000 - 0x00007fff75dfe000 	C:\Users\Dell\.jdk\jdk-17.0.16\bin\VCRUNTIME140.dll
0x00007fff75d60000 - 0x00007fff75d78000 	C:\Users\Dell\.jdk\jdk-17.0.16\bin\jli.dll
0x00007fff8b5f0000 - 0x00007fff8b7b6000 	C:\WINDOWS\System32\USER32.dll
0x00007fff8a000000 - 0x00007fff8a027000 	C:\WINDOWS\System32\win32u.dll
0x00007fff8cdf0000 - 0x00007fff8ce1b000 	C:\WINDOWS\System32\GDI32.dll
0x00007fff8aca0000 - 0x00007fff8adcb000 	C:\WINDOWS\System32\gdi32full.dll
0x00007fff717d0000 - 0x00007fff71a63000 	C:\WINDOWS\WinSxS\amd64_microsoft.windows.common-controls_6595b64144ccf1df_6.0.26100.7705_none_3e06597ae3363b04\COMCTL32.dll
0x00007fff8aea0000 - 0x00007fff8af49000 	C:\WINDOWS\System32\msvcrt.dll
0x00007fff8add0000 - 0x00007fff8ae73000 	C:\WINDOWS\System32\msvcp_win.dll
0x00007fff8bb10000 - 0x00007fff8bb41000 	C:\WINDOWS\System32\IMM32.DLL
0x00007fff763b0000 - 0x00007fff763bc000 	C:\Users\Dell\.jdk\jdk-17.0.16\bin\vcruntime140_1.dll
0x00007fff50470000 - 0x00007fff504f9000 	C:\Users\Dell\.jdk\jdk-17.0.16\bin\msvcp140.dll
0x00007ffeffe40000 - 0x00007fff00aba000 	C:\Users\Dell\.jdk\jdk-17.0.16\bin\server\jvm.dll
0x00007fff8ce20000 - 0x00007fff8ced4000 	C:\WINDOWS\System32\ADVAPI32.dll
0x00007fff8cd20000 - 0x00007fff8cdc6000 	C:\WINDOWS\System32\sechost.dll
0x00007fff8b140000 - 0x00007fff8b258000 	C:\WINDOWS\System32\RPCRT4.dll
0x00007fff8c310000 - 0x00007fff8c384000 	C:\WINDOWS\System32\WS2_32.dll
0x00007fff89820000 - 0x00007fff8987e000 	C:\WINDOWS\SYSTEM32\POWRPROF.dll
0x00007fff75d20000 - 0x00007fff75d55000 	C:\WINDOWS\SYSTEM32\WINMM.dll
0x00007fff7eed0000 - 0x00007fff7eedb000 	C:\WINDOWS\SYSTEM32\VERSION.dll
0x00007fff89800000 - 0x00007fff89814000 	C:\WINDOWS\SYSTEM32\UMPDC.dll
0x00007fff88730000 - 0x00007fff8874b000 	C:\WINDOWS\SYSTEM32\kernel.appcore.dll
0x00007fff75c80000 - 0x00007fff75c8a000 	C:\Users\Dell\.jdk\jdk-17.0.16\bin\jimage.dll
0x00007fff87a20000 - 0x00007fff87c62000 	C:\WINDOWS\SYSTEM32\DBGHELP.DLL
0x00007fff8b260000 - 0x00007fff8b5e6000 	C:\WINDOWS\System32\combase.dll
0x00007fff8b8c0000 - 0x00007fff8b997000 	C:\WINDOWS\System32\OLEAUT32.dll
0x00007fff70180000 - 0x00007fff701bb000 	C:\WINDOWS\SYSTEM32\dbgcore.DLL
0x00007fff89f50000 - 0x00007fff89ff5000 	C:\WINDOWS\System32\bcryptPrimitives.dll
0x00007fff75c50000 - 0x00007fff75c76000 	C:\Users\Dell\.jdk\jdk-17.0.16\bin\java.dll
0x00007fff50210000 - 0x00007fff502e6000 	C:\Users\Dell\.jdk\jdk-17.0.16\bin\jsvml.dll
0x00007fff8c390000 - 0x00007fff8cae1000 	C:\WINDOWS\System32\SHELL32.dll
0x00007fff899c0000 - 0x00007fff89b2a000 	C:\WINDOWS\System32\wintypes.dll
0x00007fff8a030000 - 0x00007fff8a892000 	C:\WINDOWS\System32\windows.storage.dll
0x00007fff8cee0000 - 0x00007fff8cfd6000 	C:\WINDOWS\System32\SHCORE.dll
0x00007fff8cfe0000 - 0x00007fff8d047000 	C:\WINDOWS\System32\shlwapi.dll
0x00007fff898e0000 - 0x00007fff89909000 	C:\WINDOWS\SYSTEM32\profapi.dll
0x00007fff74370000 - 0x00007fff7438b000 	C:\Users\Dell\.jdk\jdk-17.0.16\bin\net.dll
0x00007fff79ce0000 - 0x00007fff79e07000 	C:\WINDOWS\SYSTEM32\WINHTTP.dll
0x00007fff88c80000 - 0x00007fff88ceb000 	C:\WINDOWS\system32\mswsock.dll
0x00007fff74350000 - 0x00007fff74366000 	C:\Users\Dell\.jdk\jdk-17.0.16\bin\nio.dll
0x00007fff73ee0000 - 0x00007fff73ef8000 	C:\Users\Dell\.jdk\jdk-17.0.16\bin\zip.dll
0x00007fff73820000 - 0x00007fff73844000 	C:\Users\Dell\.m2\wrapper\dists\apache-maven-3.9.11\03d7e36a140982eea48e22c1dcac01d8862b2550b2939e09a0809bbc5182a5bc\lib\jansi-native\Windows\x86_64\jansi.dll
0x00007fff73e20000 - 0x00007fff73e30000 	C:\Users\Dell\.jdk\jdk-17.0.16\bin\verify.dll

dbghelp: loaded successfully - version: 4.0.5 - missing functions: none
symbol engine: initialized successfully - sym options: 0x614 - pdb path: .;C:\Users\Dell\.jdk\jdk-17.0.16\bin;C:\WINDOWS\SYSTEM32;C:\WINDOWS\WinSxS\amd64_microsoft.windows.common-controls_6595b64144ccf1df_6.0.26100.7705_none_3e06597ae3363b04;C:\Users\Dell\.jdk\jdk-17.0.16\bin\server;C:\Users\Dell\.m2\wrapper\dists\apache-maven-3.9.11\03d7e36a140982eea48e22c1dcac01d8862b2550b2939e09a0809bbc5182a5bc\lib\jansi-native\Windows\x86_64

VM Arguments:
jvm_args: --enable-native-access=ALL-UNNAMED -Dclassworlds.conf=C:\Users\Dell\.m2\wrapper\dists\apache-maven-3.9.11\03d7e36a140982eea48e22c1dcac01d8862b2550b2939e09a0809bbc5182a5bc\bin\m2.conf -Dmaven.home=C:\Users\Dell\.m2\wrapper\dists\apache-maven-3.9.11\03d7e36a140982eea48e22c1dcac01d8862b2550b2939e09a0809bbc5182a5bc -Dlibrary.jansi.path=C:\Users\Dell\.m2\wrapper\dists\apache-maven-3.9.11\03d7e36a140982eea48e22c1dcac01d8862b2550b2939e09a0809bbc5182a5bc\lib\jansi-native -Dmaven.multiModuleProjectDirectory=c:\Users\Dell\OneDrive\Desktop\art-store 
java_command: org.codehaus.plexus.classworlds.launcher.Launcher help:effective-pom -Doutput=effective-pom-ee0ba927-2001-46fa-b8f5-56700e4ad3a7.log
java_class_path (initial): C:\Users\Dell\.m2\wrapper\dists\apache-maven-3.9.11\03d7e36a140982eea48e22c1dcac01d8862b2550b2939e09a0809bbc5182a5bc\boot\plexus-classworlds-2.9.0.jar
Launcher Type: SUN_STANDARD

[Global flags]
     intx CICompilerCount                          = 4                                         {product} {ergonomic}
     uint ConcGCThreads                            = 2                                         {product} {ergonomic}
     uint G1ConcRefinementThreads                  = 8                                         {product} {ergonomic}
   size_t G1HeapRegionSize                         = 1048576                                   {product} {ergonomic}
    uintx GCDrainStackTargetSize                   = 64                                        {product} {ergonomic}
   size_t InitialHeapSize                          = 134217728                                 {product} {ergonomic}
   size_t MarkStackSize                            = 4194304                                   {product} {ergonomic}
   size_t MaxHeapSize                              = 2116026368                                {product} {ergonomic}
   size_t MaxNewSize                               = 1268776960                                {product} {ergonomic}
   size_t MinHeapDeltaBytes                        = 1048576                                   {product} {ergonomic}
   size_t MinHeapSize                              = 8388608                                   {product} {ergonomic}
    uintx NonNMethodCodeHeapSize                   = 5839372                                {pd product} {ergonomic}
    uintx NonProfiledCodeHeapSize                  = 122909434                              {pd product} {ergonomic}
    uintx ProfiledCodeHeapSize                     = 122909434                              {pd product} {ergonomic}
    uintx ReservedCodeCacheSize                    = 251658240                              {pd product} {ergonomic}
     bool SegmentedCodeCache                       = true                                      {product} {ergonomic}
   size_t SoftMaxHeapSize                          = 2116026368                             {manageable} {ergonomic}
     bool UseCompressedClassPointers               = true                           {product lp64_product} {ergonomic}
     bool UseCompressedOops                        = true                           {product lp64_product} {ergonomic}
     bool UseG1GC                                  = true                                      {product} {ergonomic}
     bool UseLargePagesIndividualAllocation        = false                                  {pd product} {ergonomic}

Logging:
Log output configuration:
 #0: stdout all=warning uptime,level,tags
 #1: stderr all=off uptime,level,tags

Environment Variables:
JAVA_HOME=C:\Users\Dell\.jdk\jdk-17.0.16
PATH=c:\Users\Dell\OneDrive\Desktop\art-store;C:\Users\Dell\.jdk\jdk-17.0.16\bin;C:\Program Files\Common Files\Oracle\Java\javapath;C:\WINDOWS\system32;C:\WINDOWS;C:\WINDOWS\System32\Wbem;C:\WINDOWS\System32\WindowsPowerShell\v1.0\;C:\WINDOWS\System32\OpenSSH\;C:\Program Files\Git\cmd;C:\Program Files\nodejs\;C:\Program Files\MongoDB\Server\8.0.13\bin;C:\Program Files\MongoDB\mongosh\bin;;C:\ProgramData\chocolatey\bin;C:\Program Files\Go\bin;C:\Program Files\Docker\Docker\resources\bin;C:\Users\Dell\AppData\Local\Programs\Python\Python313\Scripts\;C:\Users\Dell\AppData\Local\Programs\Python\Python313\;C:\Users\Dell\AppData\Local\Programs\Python\Launcher\;C:\Program Files\MySQL\MySQL Shell 8.0\bin\;C:\Users\Dell\AppData\Local\Microsoft\WindowsApps;C:\Program Files\JetBrains\PyCharm 2025.1.3.1\bin;;C:\Program Files\JetBrains\WebStorm 2025.1.4.1\bin;;C:\Users\Dell\AppData\Local\Programs\Microsoft VS Code\bin;C:\Users\Dell\AppData\Local\GitHubDesktop\bin;C:\Users\Dell\AppData\Roaming\npm;C:\Program Files\JetBrains\IntelliJ IDEA 2025.2\bin;C:\Users\Dell\AppData\Local\Programs\mongosh\;C:\Users\Dell\AppData\Local\Programs\Qoder\bin;C:\Users\Dell\go\bin;C:\Users\Dell\AppData\Local\Programs\Windsurf\bin;C:\Users\Dell\AppData\Local\Programs\Antigravity\bin
USERNAME=Dell
OS=Windows_NT
PROCESSOR_IDENTIFIER=Intel64 Family 6 Model 142 Stepping 10, GenuineIntel
TMP=C:\Users\Dell\AppData\Local\Temp
TEMP=C:\Users\Dell\AppData\Local\Temp



Periodic native trim disabled


---------------  S Y S T E M  ---------------

OS:
 Windows 11 , 64 bit Build 26100 (10.0.26100.7705)
OS uptime: 0 days 15:10 hours
Hyper-V role detected

CPU: total 8 (initial active 8) (4 cores per cpu, 2 threads per core) family 6 model 142 stepping 10 microcode 0xf6, cx8, cmov, fxsr, ht, mmx, 3dnowpref, sse, sse2, sse3, ssse3, sse4.1, sse4.2, popcnt, lzcnt, tsc, tscinvbit, avx, avx2, aes, erms, clmul, bmi1, bmi2, rtm, adx, fma, vzeroupper, clflush, clflushopt, hv
Processor Information for the first 8 processors :
  Max Mhz: 1896, Current Mhz: 1696, Mhz Limit: 1687

Memory: 4k page, system-wide physical 8070M (410M free)
TotalPageFile size 32646M (AvailPageFile size 134M)
current process WorkingSet (physical memory assigned to process): 105M, peak: 111M
current process commit charge ("private bytes"): 240M, peak: 244M

vm_info: OpenJDK 64-Bit Server VM (17.0.16+8-LTS) for windows-amd64 JRE (17.0.16+8-LTS), built on Jul 10 2025 00:24:24 by "MicrosoftCorporation" with unknown MS VC++:1944

END.
