#
# There is insufficient memory for the Java Runtime Environment to continue.
# Native memory allocation (malloc) failed to allocate 32744 bytes. Error detail: Chunk::new
# Possible reasons:
#   The system is out of physical RAM or swap space
#   This process is running with CompressedOops enabled, and the Java Heap may be blocking the growth of the native heap
# Possible solutions:
#   Reduce memory load on the system
#   Increase physical memory or swap space
#   Check if swap backing store is full
#   Decrease Java heap size (-Xmx/-Xms)
#   Decrease number of Java threads
#   Decrease Java thread stack sizes (-Xss)
#   Set larger code cache with -XX:ReservedCodeCacheSize=
#   JVM is running with Unscaled Compressed Oops mode in which the Java heap is
#     placed in the first 4GB address space. The Java Heap base address is the
#     maximum limit for the native heap growth. Please use -XX:HeapBaseMinAddress
#     to set the Java Heap base and to place the Java Heap above 4GB virtual address.
# This output file may be truncated or incomplete.
#
#  Out of Memory Error (arena.cpp:162), pid=13736, tid=9564
#
# JRE version: Java(TM) SE Runtime Environment (24.0.2+12) (build 24.0.2+12-54)
# Java VM: Java HotSpot(TM) 64-Bit Server VM (24.0.2+12-54, mixed mode, sharing, tiered, compressed oops, compressed class ptrs, g1 gc, windows-amd64)
# No core dump will be written. Minidumps are not enabled by default on client versions of Windows
#

---------------  S U M M A R Y ------------

Command Line: -javaagent:C:\Program Files\JetBrains\IntelliJ IDEA 2025.2\lib\idea_rt.jar=52406 -Dfile.encoding=UTF-8 -Dsun.stdout.encoding=UTF-8 -Dsun.stderr.encoding=UTF-8 org.semicolon.semicolonartworksystem.SemicolonArtworkSystemApplication

Host: Intel(R) Core(TM) i5-8365U CPU @ 1.60GHz, 8 cores, 7G,  Windows 11 , 64 bit Build 26100 (10.0.26100.7019)
Time: Sat Nov  8 05:11:28 2025 W. Central Africa Standard Time elapsed time: 100.146434 seconds (0d 0h 1m 40s)

---------------  T H R E A D  ---------------

Current thread (0x00000179291a7110):  JavaThread "C2 CompilerThread0" daemon [_thread_in_native, id=9564, stack(0x0000003635b00000,0x0000003635c00000) (1024K)]


Current CompileTask:
C2:100146 5998       4       jdk.internal.loader.BuiltinClassLoader::defineClass (121 bytes)

Stack: [0x0000003635b00000,0x0000003635c00000]
Native frames: (J=compiled Java code, j=interpreted, Vv=VM code, C=native code)
V  [jvm.dll+0x730829]  (no source info available)
V  [jvm.dll+0x8d9da3]  (no source info available)
V  [jvm.dll+0x8dc28d]  (no source info available)
V  [jvm.dll+0x8dc903]  (no source info available)
V  [jvm.dll+0x2a9f56]  (no source info available)
V  [jvm.dll+0xced7f]  (no source info available)
V  [jvm.dll+0xcefdf]  (no source info available)
V  [jvm.dll+0x1f0090]  (no source info available)
V  [jvm.dll+0x3cc663]  (no source info available)
V  [jvm.dll+0x3d2633]  (no source info available)
V  [jvm.dll+0x3d8062]  (no source info available)
V  [jvm.dll+0x744e74]  (no source info available)
V  [jvm.dll+0x746756]  (no source info available)
V  [jvm.dll+0x749f94]  (no source info available)
V  [jvm.dll+0x7425bf]  (no source info available)
V  [jvm.dll+0x7419f7]  (no source info available)
V  [jvm.dll+0x73fbfd]  (no source info available)
V  [jvm.dll+0x1ecdec]  (no source info available)
V  [jvm.dll+0x1ed9b3]  (no source info available)
V  [jvm.dll+0x31f30f]  (no source info available)
V  [jvm.dll+0x749fbb]  (no source info available)
V  [jvm.dll+0x7425bf]  (no source info available)
V  [jvm.dll+0x7419f7]  (no source info available)
V  [jvm.dll+0x73fbfd]  (no source info available)
V  [jvm.dll+0x1ecdec]  (no source info available)
V  [jvm.dll+0x1ed9b3]  (no source info available)
V  [jvm.dll+0x31f30f]  (no source info available)
V  [jvm.dll+0x749fbb]  (no source info available)
V  [jvm.dll+0x7425bf]  (no source info available)
V  [jvm.dll+0x7419f7]  (no source info available)
V  [jvm.dll+0x73fbfd]  (no source info available)
V  [jvm.dll+0x1ecdec]  (no source info available)
V  [jvm.dll+0x1ed9b3]  (no source info available)
V  [jvm.dll+0x31f30f]  (no source info available)
V  [jvm.dll+0x749fbb]  (no source info available)
V  [jvm.dll+0x7425bf]  (no source info available)
V  [jvm.dll+0x7419f7]  (no source info available)
V  [jvm.dll+0x73fbfd]  (no source info available)
V  [jvm.dll+0x1ecdec]  (no source info available)
V  [jvm.dll+0x1ed9b3]  (no source info available)
V  [jvm.dll+0x31f30f]  (no source info available)
V  [jvm.dll+0x749fbb]  (no source info available)
V  [jvm.dll+0x7425bf]  (no source info available)
V  [jvm.dll+0x7419f7]  (no source info available)
V  [jvm.dll+0x73fbfd]  (no source info available)
V  [jvm.dll+0x1ecdec]  (no source info available)
V  [jvm.dll+0x31f30f]  (no source info available)
V  [jvm.dll+0x749fbb]  (no source info available)
V  [jvm.dll+0x7425bf]  (no source info available)
V  [jvm.dll+0x7419f7]  (no source info available)
V  [jvm.dll+0x73fbfd]  (no source info available)
V  [jvm.dll+0x1ecdec]  (no source info available)
V  [jvm.dll+0x1ed9b3]  (no source info available)
V  [jvm.dll+0x1ed9b3]  (no source info available)
V  [jvm.dll+0x31f30f]  (no source info available)
V  [jvm.dll+0x749fbb]  (no source info available)
V  [jvm.dll+0x7425bf]  (no source info available)
V  [jvm.dll+0x7419f7]  (no source info available)
V  [jvm.dll+0x73fbfd]  (no source info available)
V  [jvm.dll+0x1ecdec]  (no source info available)
V  [jvm.dll+0x26e5be]  (no source info available)
V  [jvm.dll+0x1e9c90]  (no source info available)
V  [jvm.dll+0x27e0cb]  (no source info available)
V  [jvm.dll+0x27c36a]  (no source info available)
V  [jvm.dll+0x42f396]  (no source info available)
V  [jvm.dll+0x87d9eb]  (no source info available)
V  [jvm.dll+0x72ef45]  (no source info available)
C  [ucrtbase.dll+0x37b0]  (no source info available)
C  [KERNEL32.DLL+0x2e8d7]  (no source info available)
C  [ntdll.dll+0x8c53c]  (no source info available)

Lock stack of current Java thread (top to bottom):


---------------  P R O C E S S  ---------------

Threads class SMR info:
_java_thread_list=0x0000017971eb6cb0, length=38, elements={
0x0000017929196d80, 0x00000179291976c0, 0x00000179291a3d90, 0x00000179291a48c0,
0x00000179291a5780, 0x00000179291a62b0, 0x00000179291a7110, 0x00000179291acdf0,
0x00000179293eaec0, 0x00000179297e4340, 0x00000179297e7e10, 0x0000017929e5bdb0,
0x0000017929ea9aa0, 0x0000017929ea06a0, 0x0000017929ea49d0, 0x000001796f5dc6a0,
0x00000179707ef440, 0x00000179707eecf0, 0x00000179707efb90, 0x00000179707f02e0,
0x00000179707f0a30, 0x00000179707f1180, 0x00000179707ee5a0, 0x00000179707f2ec0,
0x00000179707f3610, 0x00000179707f18d0, 0x00000179707f4c00, 0x00000179707f2770,
0x00000179707f5350, 0x00000179707f3d60, 0x00000179707f44b0, 0x00000179707f2020,
0x00000179707f5aa0, 0x00000179716b4a70, 0x00000179716b4320, 0x00000179716b5910,
0x00000179716b51c0, 0x00000179716b6060
}

Java Threads: ( => current thread )
  0x0000017929196d80 JavaThread "Reference Handler"          daemon [_thread_blocked, id=18216, stack(0x0000003635500000,0x0000003635600000) (1024K)]
  0x00000179291976c0 JavaThread "Finalizer"                  daemon [_thread_blocked, id=13168, stack(0x0000003635600000,0x0000003635700000) (1024K)]
  0x00000179291a3d90 JavaThread "Signal Dispatcher"          daemon [_thread_blocked, id=640, stack(0x0000003635700000,0x0000003635800000) (1024K)]
  0x00000179291a48c0 JavaThread "Attach Listener"            daemon [_thread_blocked, id=14680, stack(0x0000003635800000,0x0000003635900000) (1024K)]
  0x00000179291a5780 JavaThread "Service Thread"             daemon [_thread_blocked, id=17528, stack(0x0000003635900000,0x0000003635a00000) (1024K)]
  0x00000179291a62b0 JavaThread "Monitor Deflation Thread"   daemon [_thread_blocked, id=17768, stack(0x0000003635a00000,0x0000003635b00000) (1024K)]
=>0x00000179291a7110 JavaThread "C2 CompilerThread0"         daemon [_thread_in_native, id=9564, stack(0x0000003635b00000,0x0000003635c00000) (1024K)]
  0x00000179291acdf0 JavaThread "C1 CompilerThread0"         daemon [_thread_blocked, id=15708, stack(0x0000003635c00000,0x0000003635d00000) (1024K)]
  0x00000179293eaec0 JavaThread "Common-Cleaner"             daemon [_thread_blocked, id=17956, stack(0x0000003635d00000,0x0000003635e00000) (1024K)]
  0x00000179297e4340 JavaThread "Monitor Ctrl-Break"         daemon [_thread_in_native, id=15884, stack(0x0000003635f00000,0x0000003636000000) (1024K)]
  0x00000179297e7e10 JavaThread "Notification Thread"        daemon [_thread_blocked, id=8036, stack(0x0000003636000000,0x0000003636100000) (1024K)]
  0x0000017929e5bdb0 JavaThread "RMI TCP Accept-0"           daemon [_thread_in_native, id=14408, stack(0x0000003636200000,0x0000003636300000) (1024K)]
  0x0000017929ea9aa0 JavaThread "RMI TCP Connection(1)-172.16.0.234" daemon [_thread_in_native, id=7756, stack(0x0000003636300000,0x0000003636400000) (1024K)]
  0x0000017929ea06a0 JavaThread "RMI Scheduler(0)"           daemon [_thread_blocked, id=8972, stack(0x0000003636400000,0x0000003636500000) (1024K)]
  0x0000017929ea49d0 JavaThread "JMX server connection timeout 31" daemon [_thread_blocked, id=604, stack(0x0000003636500000,0x0000003636600000) (1024K)]
  0x000001796f5dc6a0 JavaThread "BufferPoolPruner-1-thread-1" daemon [_thread_blocked, id=6800, stack(0x0000003636e00000,0x0000003636f00000) (1024K)]
  0x00000179707ef440 JavaThread "cluster-ClusterId{value='690ec291da7ce9391eb4abaf', description='null'}-localhost:27017" daemon [_thread_blocked, id=11784, stack(0x0000003637000000,0x0000003637100000) (1024K)]
  0x00000179707eecf0 JavaThread "cluster-rtt-ClusterId{value='690ec291da7ce9391eb4abaf', description='null'}-localhost:27017" daemon [_thread_blocked, id=15756, stack(0x0000003637200000,0x0000003637300000) (1024K)]
  0x00000179707efb90 JavaThread "MaintenanceTimer-2-thread-1" daemon [_thread_blocked, id=13508, stack(0x0000003637300000,0x0000003637400000) (1024K)]
  0x00000179707f02e0 JavaThread "Catalina-utility-1"                [_thread_blocked, id=4200, stack(0x0000003637400000,0x0000003637500000) (1024K)]
  0x00000179707f0a30 JavaThread "Catalina-utility-2"                [_thread_blocked, id=5424, stack(0x0000003637500000,0x0000003637600000) (1024K)]
  0x00000179707f1180 JavaThread "container-0"                       [_thread_blocked, id=6560, stack(0x0000003637600000,0x0000003637700000) (1024K)]
  0x00000179707ee5a0 JavaThread "Live Reload Server"         daemon [_thread_in_native, id=10180, stack(0x0000003637800000,0x0000003637900000) (1024K)]
  0x00000179707f2ec0 JavaThread "File Watcher"               daemon [_thread_blocked, id=11652, stack(0x0000003637700000,0x0000003637800000) (1024K)]
  0x00000179707f3610 JavaThread "http-nio-2000-exec-1"       daemon [_thread_blocked, id=17980, stack(0x0000003637900000,0x0000003637a00000) (1024K)]
  0x00000179707f18d0 JavaThread "http-nio-2000-exec-2"       daemon [_thread_blocked, id=9600, stack(0x0000003637a00000,0x0000003637b00000) (1024K)]
  0x00000179707f4c00 JavaThread "http-nio-2000-exec-3"       daemon [_thread_blocked, id=6212, stack(0x0000003637b00000,0x0000003637c00000) (1024K)]
  0x00000179707f2770 JavaThread "http-nio-2000-exec-4"       daemon [_thread_blocked, id=17704, stack(0x0000003637c00000,0x0000003637d00000) (1024K)]
  0x00000179707f5350 JavaThread "http-nio-2000-exec-5"       daemon [_thread_blocked, id=4596, stack(0x0000003637d00000,0x0000003637e00000) (1024K)]
  0x00000179707f3d60 JavaThread "http-nio-2000-exec-6"       daemon [_thread_blocked, id=372, stack(0x0000003637e00000,0x0000003637f00000) (1024K)]
  0x00000179707f44b0 JavaThread "http-nio-2000-exec-7"       daemon [_thread_blocked, id=8044, stack(0x0000003637f00000,0x0000003638000000) (1024K)]
  0x00000179707f2020 JavaThread "http-nio-2000-exec-8"       daemon [_thread_blocked, id=13096, stack(0x0000003638000000,0x0000003638100000) (1024K)]
  0x00000179707f5aa0 JavaThread "http-nio-2000-exec-9"       daemon [_thread_blocked, id=544, stack(0x0000003638100000,0x0000003638200000) (1024K)]
  0x00000179716b4a70 JavaThread "http-nio-2000-exec-10"      daemon [_thread_blocked, id=11956, stack(0x0000003638200000,0x0000003638300000) (1024K)]
  0x00000179716b4320 JavaThread "http-nio-2000-Poller"       daemon [_thread_in_native, id=13028, stack(0x0000003638300000,0x0000003638400000) (1024K)]
  0x00000179716b5910 JavaThread "http-nio-2000-Acceptor"     daemon [_thread_in_native, id=8772, stack(0x0000003638400000,0x0000003638500000) (1024K)]
  0x00000179716b51c0 JavaThread "DestroyJavaVM"                     [_thread_blocked, id=7748, stack(0x0000003634d00000,0x0000003634e00000) (1024K)]
  0x00000179716b6060 JavaThread "RMI TCP Connection(idle)"   daemon [_thread_blocked, id=3764, stack(0x0000003635e00000,0x0000003635f00000) (1024K)]
Total: 38

Other Threads:
  0x000001792903d1e0 VMThread "VM Thread"                           [id=15904, stack(0x0000003635400000,0x0000003635500000) (1024K)]
  0x0000017929174b50 WatcherThread "VM Periodic Task Thread"        [id=10552, stack(0x0000003635300000,0x0000003635400000) (1024K)]
  0x000001790c41e7e0 WorkerThread "GC Thread#0"                     [id=1568, stack(0x0000003634e00000,0x0000003634f00000) (1024K)]
  0x000001796f491cb0 WorkerThread "GC Thread#1"                     [id=15380, stack(0x0000003636700000,0x0000003636800000) (1024K)]
  0x000001796f492060 WorkerThread "GC Thread#2"                     [id=11796, stack(0x0000003636800000,0x0000003636900000) (1024K)]
  0x000001796f492f20 WorkerThread "GC Thread#3"                     [id=7704, stack(0x0000003636900000,0x0000003636a00000) (1024K)]
  0x000001796f4902e0 WorkerThread "GC Thread#4"                     [id=3412, stack(0x0000003636a00000,0x0000003636b00000) (1024K)]
  0x000001796f490df0 WorkerThread "GC Thread#5"                     [id=15156, stack(0x0000003636b00000,0x0000003636c00000) (1024K)]
  0x000001796f4911a0 WorkerThread "GC Thread#6"                     [id=2056, stack(0x0000003636c00000,0x0000003636d00000) (1024K)]
  0x000001796f48f420 WorkerThread "GC Thread#7"                     [id=14084, stack(0x0000003636d00000,0x0000003636e00000) (1024K)]
  0x000001790c433480 ConcurrentGCThread "G1 Main Marker"            [id=10072, stack(0x0000003634f00000,0x0000003635000000) (1024K)]
  0x0000017909f2c2f0 WorkerThread "G1 Conc#0"                       [id=1904, stack(0x0000003635000000,0x0000003635100000) (1024K)]
  0x00000179701483e0 WorkerThread "G1 Conc#1"                       [id=16400, stack(0x0000003636f00000,0x0000003637000000) (1024K)]
  0x000001792902d540 ConcurrentGCThread "G1 Refine#0"               [id=4308, stack(0x0000003635100000,0x0000003635200000) (1024K)]
  0x000001792902ded0 ConcurrentGCThread "G1 Service"                [id=10800, stack(0x0000003635200000,0x0000003635300000) (1024K)]
Total: 15

Threads with active compile tasks:
C2 CompilerThread0  102373 5998       4       jdk.internal.loader.BuiltinClassLoader::defineClass (121 bytes)
Total: 1

VM state: not at safepoint (normal execution)

VM Mutex/Monitor currently owned by a thread: None

Heap address: 0x0000000082e00000, size: 2002 MB, Compressed Oops mode: 32-bit

CDS archive(s) mapped at: [0x000001792a000000-0x000001792ad40000-0x000001792ad40000), size 13893632, SharedBaseAddress: 0x000001792a000000, ArchiveRelocationMode: 1.
Compressed class space mapped at: 0x000001792b000000-0x000001796b000000, reserved size: 1073741824
UseCompressedClassPointers 1, UseCompactObjectHeaders 0
Narrow klass pointer bits 32, Max shift 3
Narrow klass base: 0x000001792a000000, Narrow klass shift: 0
Encoding Range: [0x000001792a000000 - 0x0000017a2a000000), (4294967296 bytes)
Klass Range:    [0x000001792a000000 - 0x000001796b000000), (1090519040 bytes)
Klass ID Range:  [8 - 1090519033) (1090519025)

GC Precious Log:
 CardTable entry size: 512
 Card Set container configuration: InlinePtr #cards 5 size 8 Array Of Cards #cards 10 size 36 Howl #buckets 4 coarsen threshold 1843 Howl Bitmap #cards 512 size 80 coarsen threshold 460 Card regions per heap region 1 cards per card region 2048
 CPUs: 8 total, 8 available
 Memory: 8006M
 Large Page Support: Disabled
 NUMA Support: Disabled
 Compressed Oops: Enabled (32-bit)
 Heap Region Size: 1M
 Heap Min Capacity: 8M
 Heap Initial Capacity: 126M
 Heap Max Capacity: 2002M
 Pre-touch: Disabled
 Parallel Workers: 8
 Concurrent Workers: 2
 Concurrent Refinement Workers: 8
 Periodic GC: Disabled

Heap:
 garbage-first heap   total reserved 2050048K, committed 51200K, used 35500K [0x0000000082e00000, 0x0000000100000000)
  region size 1024K, 16 young (16384K), 3 survivors (3072K)
 Metaspace       used 43066K, committed 43584K, reserved 1114112K
  class space    used 4737K, committed 4992K, reserved 1048576K

Heap Regions: E=young(eden), S=young(survivor), O=old, HS=humongous(starts), HC=humongous(continues), CS=collection set, F=free, TAMS=top-at-mark-start, PB=parsable bottom
|   0|0x0000000082e00000, 0x0000000082f00000, 0x0000000082f00000|100%| O|  |TAMS 0x0000000082e00000| PB 0x0000000082e00000| Untracked |  0
|   1|0x0000000082f00000, 0x0000000083000000, 0x0000000083000000|100%| O|  |TAMS 0x0000000082f00000| PB 0x0000000082f00000| Untracked |  0
|   2|0x0000000083000000, 0x0000000083100000, 0x0000000083100000|100%| O|  |TAMS 0x0000000083000000| PB 0x0000000083000000| Untracked |  0
|   3|0x0000000083100000, 0x0000000083200000, 0x0000000083200000|100%| O|  |TAMS 0x0000000083100000| PB 0x0000000083100000| Untracked |  0
|   4|0x0000000083200000, 0x0000000083300000, 0x0000000083300000|100%| O|  |TAMS 0x0000000083200000| PB 0x0000000083200000| Untracked |  0
|   5|0x0000000083300000, 0x0000000083400000, 0x0000000083400000|100%| O|  |TAMS 0x0000000083300000| PB 0x0000000083300000| Untracked |  0
|   6|0x0000000083400000, 0x0000000083400000, 0x0000000083500000|  0%| F|  |TAMS 0x0000000083400000| PB 0x0000000083400000| Untracked |  0
|   7|0x0000000083500000, 0x0000000083600000, 0x0000000083600000|100%| O|  |TAMS 0x0000000083500000| PB 0x0000000083500000| Untracked |  0
|   8|0x0000000083600000, 0x0000000083700000, 0x0000000083700000|100%| O|  |TAMS 0x0000000083600000| PB 0x0000000083600000| Untracked |  0
|   9|0x0000000083700000, 0x0000000083800000, 0x0000000083800000|100%| O|  |TAMS 0x0000000083700000| PB 0x0000000083700000| Untracked |  0
|  10|0x0000000083800000, 0x0000000083900000, 0x0000000083900000|100%| O|  |TAMS 0x0000000083800000| PB 0x0000000083800000| Untracked |  0
|  11|0x0000000083900000, 0x0000000083a00000, 0x0000000083a00000|100%| O|  |TAMS 0x0000000083900000| PB 0x0000000083900000| Untracked |  0
|  12|0x0000000083a00000, 0x0000000083b00000, 0x0000000083b00000|100%| O|  |TAMS 0x0000000083a00000| PB 0x0000000083a00000| Untracked |  0
|  13|0x0000000083b00000, 0x0000000083c00000, 0x0000000083c00000|100%| O|  |TAMS 0x0000000083b00000| PB 0x0000000083b00000| Untracked |  0
|  14|0x0000000083c00000, 0x0000000083d00000, 0x0000000083d00000|100%| O|  |TAMS 0x0000000083c00000| PB 0x0000000083c00000| Untracked |  0
|  15|0x0000000083d00000, 0x0000000083e00000, 0x0000000083e00000|100%| O|  |TAMS 0x0000000083d00000| PB 0x0000000083d00000| Untracked |  0
|  16|0x0000000083e00000, 0x0000000083f00000, 0x0000000083f00000|100%| O|  |TAMS 0x0000000083e00000| PB 0x0000000083e00000| Untracked |  0
|  17|0x0000000083f00000, 0x0000000084000000, 0x0000000084000000|100%| O|  |TAMS 0x0000000083f00000| PB 0x0000000083f00000| Untracked |  0
|  18|0x0000000084000000, 0x0000000084100000, 0x0000000084100000|100%| O|  |TAMS 0x0000000084000000| PB 0x0000000084000000| Untracked |  0
|  19|0x0000000084100000, 0x0000000084200000, 0x0000000084200000|100%| O|  |TAMS 0x0000000084100000| PB 0x0000000084100000| Untracked |  0
|  20|0x0000000084200000, 0x000000008425caf8, 0x0000000084300000| 36%| O|  |TAMS 0x0000000084200000| PB 0x0000000084200000| Untracked |  0
|  21|0x0000000084300000, 0x0000000084300000, 0x0000000084400000|  0%| F|  |TAMS 0x0000000084300000| PB 0x0000000084300000| Untracked |  0
|  22|0x0000000084400000, 0x000000008444e5c0, 0x0000000084500000| 30%| S|CS|TAMS 0x0000000084400000| PB 0x0000000084400000| Complete |  0
|  23|0x0000000084500000, 0x0000000084600000, 0x0000000084600000|100%| S|CS|TAMS 0x0000000084500000| PB 0x0000000084500000| Complete |  0
|  24|0x0000000084600000, 0x0000000084600000, 0x0000000084700000|  0%| F|  |TAMS 0x0000000084600000| PB 0x0000000084600000| Untracked |  0
|  25|0x0000000084700000, 0x0000000084700000, 0x0000000084800000|  0%| F|  |TAMS 0x0000000084700000| PB 0x0000000084700000| Untracked |  0
|  26|0x0000000084800000, 0x0000000084800000, 0x0000000084900000|  0%| F|  |TAMS 0x0000000084800000| PB 0x0000000084800000| Untracked |  0
|  27|0x0000000084900000, 0x0000000084a00000, 0x0000000084a00000|100%| S|CS|TAMS 0x0000000084900000| PB 0x0000000084900000| Complete |  0
|  28|0x0000000084a00000, 0x0000000084a00000, 0x0000000084b00000|  0%| F|  |TAMS 0x0000000084a00000| PB 0x0000000084a00000| Untracked |  0
|  29|0x0000000084b00000, 0x0000000084b00000, 0x0000000084c00000|  0%| F|  |TAMS 0x0000000084b00000| PB 0x0000000084b00000| Untracked |  0
|  30|0x0000000084c00000, 0x0000000084c00000, 0x0000000084d00000|  0%| F|  |TAMS 0x0000000084c00000| PB 0x0000000084c00000| Untracked |  0
|  31|0x0000000084d00000, 0x0000000084d00000, 0x0000000084e00000|  0%| F|  |TAMS 0x0000000084d00000| PB 0x0000000084d00000| Untracked |  0
|  32|0x0000000084e00000, 0x0000000084e00000, 0x0000000084f00000|  0%| F|  |TAMS 0x0000000084e00000| PB 0x0000000084e00000| Untracked |  0
|  33|0x0000000084f00000, 0x0000000084f00000, 0x0000000085000000|  0%| F|  |TAMS 0x0000000084f00000| PB 0x0000000084f00000| Untracked |  0
|  34|0x0000000085000000, 0x0000000085000000, 0x0000000085100000|  0%| F|  |TAMS 0x0000000085000000| PB 0x0000000085000000| Untracked |  0
|  35|0x0000000085100000, 0x0000000085100000, 0x0000000085200000|  0%| F|  |TAMS 0x0000000085100000| PB 0x0000000085100000| Untracked |  0
|  36|0x0000000085200000, 0x00000000852dfa40, 0x0000000085300000| 87%| E|  |TAMS 0x0000000085200000| PB 0x0000000085200000| Complete |  0
|  37|0x0000000085300000, 0x0000000085400000, 0x0000000085400000|100%| E|CS|TAMS 0x0000000085300000| PB 0x0000000085300000| Complete |  0
|  38|0x0000000085400000, 0x0000000085500000, 0x0000000085500000|100%| E|CS|TAMS 0x0000000085400000| PB 0x0000000085400000| Complete |  0
|  39|0x0000000085500000, 0x0000000085600000, 0x0000000085600000|100%| E|CS|TAMS 0x0000000085500000| PB 0x0000000085500000| Complete |  0
|  40|0x0000000085600000, 0x0000000085700000, 0x0000000085700000|100%| E|CS|TAMS 0x0000000085600000| PB 0x0000000085600000| Complete |  0
|  41|0x0000000085700000, 0x0000000085800000, 0x0000000085800000|100%| E|CS|TAMS 0x0000000085700000| PB 0x0000000085700000| Complete |  0
|  42|0x0000000085800000, 0x0000000085900000, 0x0000000085900000|100%| E|CS|TAMS 0x0000000085800000| PB 0x0000000085800000| Complete |  0
|  87|0x0000000088500000, 0x0000000088600000, 0x0000000088600000|100%| E|CS|TAMS 0x0000000088500000| PB 0x0000000088500000| Complete |  0
|  88|0x0000000088600000, 0x0000000088700000, 0x0000000088700000|100%| E|CS|TAMS 0x0000000088600000| PB 0x0000000088600000| Complete |  0
|  89|0x0000000088700000, 0x0000000088800000, 0x0000000088800000|100%| E|CS|TAMS 0x0000000088700000| PB 0x0000000088700000| Complete |  0
|  90|0x0000000088800000, 0x0000000088900000, 0x0000000088900000|100%| E|CS|TAMS 0x0000000088800000| PB 0x0000000088800000| Complete |  0
| 125|0x000000008ab00000, 0x000000008ac00000, 0x000000008ac00000|100%| E|CS|TAMS 0x000000008ab00000| PB 0x000000008ab00000| Complete |  0
|2000|0x00000000ffe00000, 0x00000000fff00000, 0x00000000fff00000|100%| O|  |TAMS 0x00000000ffe00000| PB 0x00000000ffe00000| Untracked |  0
|2001|0x00000000fff00000, 0x0000000100000000, 0x0000000100000000|100%| E|CS|TAMS 0x00000000fff00000| PB 0x00000000fff00000| Complete |  0

Card table byte_map: [0x0000017924380000,0x0000017924770000] _byte_map_base: 0x0000017923f69000

Marking Bits: (CMBitMap*) 0x000001790c41eef0
 Bits: [0x0000017924770000, 0x00000179266b8000)

Polling page: 0x000001790a160000

Metaspace:

Usage:
  Non-class:     37.43 MB used.
      Class:      4.63 MB used.
       Both:     42.06 MB used.

Virtual space:
  Non-class space:       64.00 MB reserved,      37.69 MB ( 59%) committed,  1 nodes.
      Class space:        1.00 GB reserved,       4.88 MB ( <1%) committed,  1 nodes.
             Both:        1.06 GB reserved,      42.56 MB (  4%) committed. 

Chunk freelists:
   Non-Class:  10.00 MB
       Class:  11.10 MB
        Both:  21.10 MB

MaxMetaspaceSize: unlimited
CompressedClassSpaceSize: 1.00 GB
Initial GC threshold: 21.00 MB
Current GC threshold: 58.88 MB
CDS: on
 - commit_granule_bytes: 65536.
 - commit_granule_words: 8192.
 - virtual_space_node_default_size: 8388608.
 - enlarge_chunks_in_place: 1.
UseCompressedClassPointers 1, UseCompactObjectHeaders 0
Narrow klass pointer bits 32, Max shift 3
Narrow klass base: 0x000001792a000000, Narrow klass shift: 0
Encoding Range: [0x000001792a000000 - 0x0000017a2a000000), (4294967296 bytes)
Klass Range:    [0x000001792a000000 - 0x000001796b000000), (1090519040 bytes)
Klass ID Range:  [8 - 1090519033) (1090519025)


Internal statistics:

num_allocs_failed_limit: 6.
num_arena_births: 656.
num_arena_deaths: 0.
num_vsnodes_births: 2.
num_vsnodes_deaths: 0.
num_space_committed: 681.
num_space_uncommitted: 0.
num_chunks_returned_to_freelist: 6.
num_chunks_taken_from_freelist: 2165.
num_chunk_merges: 6.
num_chunk_splits: 1474.
num_chunks_enlarged: 1108.
num_inconsistent_stats: 0.

CodeHeap 'non-profiled nmethods': size=120064Kb used=2610Kb max_used=2610Kb free=117453Kb
 bounds [0x000001791c720000, 0x000001791c9b0000, 0x0000017923c60000]
CodeHeap 'profiled nmethods': size=120000Kb used=9961Kb max_used=9961Kb free=110038Kb
 bounds [0x0000017914c60000, 0x0000017915620000, 0x000001791c190000]
CodeHeap 'non-nmethods': size=5696Kb used=1441Kb max_used=1533Kb free=4254Kb
 bounds [0x000001791c190000, 0x000001791c400000, 0x000001791c720000]
CodeCache: size=245760Kb, used=14012Kb, max_used=14104Kb, free=231745Kb
 total_blobs=6209, nmethods=5600, adapters=514, full_count=0
Compilation: enabled, stopped_count=0, restarted_count=0

Compilation events (20 events):
Event: 90.831 Thread 0x00000179291acdf0 nmethod 5991 0x0000017915613208 code [0x0000017915613380, 0x0000017915613b38]
Event: 90.831 Thread 0x00000179291acdf0 5992   !   3       sun.rmi.server.LoaderHandler::loadClass (130 bytes)
Event: 90.833 Thread 0x00000179291acdf0 nmethod 5992 0x0000017915613b88 code [0x0000017915613e20, 0x0000017915615350]
Event: 90.833 Thread 0x00000179291acdf0 5993   !   3       javax.management.ObjectName::readObject (34 bytes)
Event: 90.833 Thread 0x00000179291acdf0 nmethod 5993 0x0000017915615408 code [0x0000017915615580, 0x0000017915615b60]
Event: 91.617 Thread 0x00000179291acdf0 5994       3       java.util.concurrent.ScheduledThreadPoolExecutor$ScheduledFutureTask::getDelay (16 bytes)
Event: 91.617 Thread 0x00000179291acdf0 nmethod 5994 0x0000017915615c08 code [0x0000017915615d20, 0x0000017915615f30]
Event: 92.911 Thread 0x00000179291acdf0 5995       3       java.lang.invoke.LambdaForm$DMH/0x000001792b0e0400::invokeInterface (33 bytes)
Event: 92.912 Thread 0x00000179291acdf0 nmethod 5995 0x0000017915615f88 code [0x00000179156160e0, 0x00000179156168a8]
Event: 92.912 Thread 0x00000179291acdf0 5996   !   3       javax.management.remote.rmi.RMIConnectionImpl::getAttribute (151 bytes)
Event: 92.914 Thread 0x00000179291acdf0 nmethod 5996 0x0000017915616908 code [0x0000017915616ba0, 0x0000017915618610]
Event: 92.914 Thread 0x00000179291acdf0 5997       3       com.sun.jmx.mbeanserver.JmxMBeanServer::getAttribute (16 bytes)
Event: 92.915 Thread 0x00000179291acdf0 nmethod 5997 0x0000017915618708 code [0x00000179156188a0, 0x0000017915619030]
Event: 96.115 Thread 0x00000179291a7110 5998       4       jdk.internal.loader.BuiltinClassLoader::defineClass (121 bytes)
Event: 96.614 Thread 0x00000179291acdf0 5999       3       java.util.concurrent.ThreadPoolExecutor::workerCountOf (5 bytes)
Event: 97.116 Thread 0x00000179291acdf0 nmethod 5999 0x0000017915619088 code [0x00000179156191a0, 0x0000017915619290]
Event: 97.117 Thread 0x00000179291acdf0 6000   !   3       java.util.concurrent.locks.AbstractQueuedSynchronizer$ConditionObject::newConditionNode (78 bytes)
Event: 97.117 Thread 0x00000179291acdf0 nmethod 6000 0x0000017915619388 code [0x0000017915619560, 0x0000017915619ea8]
Event: 97.117 Thread 0x00000179291acdf0 6001   !   3       java.util.concurrent.locks.AbstractQueuedSynchronizer::tryInitializeHead (66 bytes)
Event: 97.117 Thread 0x00000179291acdf0 nmethod 6001 0x0000017915619f08 code [0x000001791561a060, 0x000001791561a5e8]

GC Heap History (16 events):
Event: 2.620 GC heap before
{Heap before GC invocations=0 (full 0):
 garbage-first heap   total reserved 2050048K, committed 131072K, used 49268K [0x0000000082e00000, 0x0000000100000000)
  region size 1024K, 47 young (48128K), 0 survivors (0K)
 Metaspace       used 12704K, committed 12992K, reserved 1114112K
  class space    used 1335K, committed 1472K, reserved 1048576K
}
Event: 2.628 GC heap after
{Heap after GC invocations=1 (full 0):
 garbage-first heap   total reserved 2050048K, committed 131072K, used 8425K [0x0000000082e00000, 0x0000000100000000)
  region size 1024K, 6 young (6144K), 6 survivors (6144K)
 Metaspace       used 12704K, committed 12992K, reserved 1114112K
  class space    used 1335K, committed 1472K, reserved 1048576K
}
Event: 3.645 GC heap before
{Heap before GC invocations=1 (full 0):
 garbage-first heap   total reserved 2050048K, committed 131072K, used 42217K [0x0000000082e00000, 0x0000000100000000)
  region size 1024K, 41 young (41984K), 6 survivors (6144K)
 Metaspace       used 21149K, committed 21504K, reserved 1114112K
  class space    used 2143K, committed 2304K, reserved 1048576K
}
Event: 3.654 GC heap after
{Heap after GC invocations=2 (full 0):
 garbage-first heap   total reserved 2050048K, committed 131072K, used 12046K [0x0000000082e00000, 0x0000000100000000)
  region size 1024K, 4 young (4096K), 4 survivors (4096K)
 Metaspace       used 21149K, committed 21504K, reserved 1114112K
  class space    used 2143K, committed 2304K, reserved 1048576K
}
Event: 4.708 GC heap before
{Heap before GC invocations=3 (full 0):
 garbage-first heap   total reserved 2050048K, committed 45056K, used 43790K [0x0000000082e00000, 0x0000000100000000)
  region size 1024K, 35 young (35840K), 4 survivors (4096K)
 Metaspace       used 25160K, committed 25536K, reserved 1114112K
  class space    used 2533K, committed 2688K, reserved 1048576K
}
Event: 4.713 GC heap after
{Heap after GC invocations=4 (full 0):
 garbage-first heap   total reserved 2050048K, committed 51200K, used 14319K [0x0000000082e00000, 0x0000000100000000)
  region size 1024K, 6 young (6144K), 6 survivors (6144K)
 Metaspace       used 25160K, committed 25536K, reserved 1114112K
  class space    used 2533K, committed 2688K, reserved 1048576K
}
Event: 5.309 GC heap before
{Heap before GC invocations=4 (full 0):
 garbage-first heap   total reserved 2050048K, committed 51200K, used 35823K [0x0000000082e00000, 0x0000000100000000)
  region size 1024K, 27 young (27648K), 6 survivors (6144K)
 Metaspace       used 28732K, committed 29184K, reserved 1114112K
  class space    used 2993K, committed 3200K, reserved 1048576K
}
Event: 5.315 GC heap after
{Heap after GC invocations=5 (full 0):
 garbage-first heap   total reserved 2050048K, committed 51200K, used 16058K [0x0000000082e00000, 0x0000000100000000)
  region size 1024K, 3 young (3072K), 3 survivors (3072K)
 Metaspace       used 28732K, committed 29184K, reserved 1114112K
  class space    used 2993K, committed 3200K, reserved 1048576K
}
Event: 6.067 GC heap before
{Heap before GC invocations=5 (full 0):
 garbage-first heap   total reserved 2050048K, committed 51200K, used 37562K [0x0000000082e00000, 0x0000000100000000)
  region size 1024K, 24 young (24576K), 3 survivors (3072K)
 Metaspace       used 34110K, committed 34624K, reserved 1114112K
  class space    used 3590K, committed 3840K, reserved 1048576K
}
Event: 6.071 GC heap after
{Heap after GC invocations=6 (full 0):
 garbage-first heap   total reserved 2050048K, committed 51200K, used 18086K [0x0000000082e00000, 0x0000000100000000)
  region size 1024K, 3 young (3072K), 3 survivors (3072K)
 Metaspace       used 34110K, committed 34624K, reserved 1114112K
  class space    used 3590K, committed 3840K, reserved 1048576K
}
Event: 6.340 GC heap before
{Heap before GC invocations=6 (full 0):
 garbage-first heap   total reserved 2050048K, committed 51200K, used 28326K [0x0000000082e00000, 0x0000000100000000)
  region size 1024K, 14 young (14336K), 3 survivors (3072K)
 Metaspace       used 35528K, committed 35968K, reserved 1114112K
  class space    used 3811K, committed 4032K, reserved 1048576K
}
Event: 6.343 GC heap after
{Heap after GC invocations=7 (full 0):
 garbage-first heap   total reserved 2050048K, committed 51200K, used 18702K [0x0000000082e00000, 0x0000000100000000)
  region size 1024K, 1 young (1024K), 1 survivors (1024K)
 Metaspace       used 35528K, committed 35968K, reserved 1114112K
  class space    used 3811K, committed 4032K, reserved 1048576K
}
Event: 6.937 GC heap before
{Heap before GC invocations=8 (full 0):
 garbage-first heap   total reserved 2050048K, committed 51200K, used 40206K [0x0000000082e00000, 0x0000000100000000)
  region size 1024K, 22 young (22528K), 1 survivors (1024K)
 Metaspace       used 38837K, committed 39424K, reserved 1114112K
  class space    used 4239K, committed 4480K, reserved 1048576K
}
Event: 6.942 GC heap after
{Heap after GC invocations=9 (full 0):
 garbage-first heap   total reserved 2050048K, committed 51200K, used 20936K [0x0000000082e00000, 0x0000000100000000)
  region size 1024K, 3 young (3072K), 3 survivors (3072K)
 Metaspace       used 38837K, committed 39424K, reserved 1114112K
  class space    used 4239K, committed 4480K, reserved 1048576K
}
Event: 7.560 GC heap before
{Heap before GC invocations=9 (full 0):
 garbage-first heap   total reserved 2050048K, committed 51200K, used 42440K [0x0000000082e00000, 0x0000000100000000)
  region size 1024K, 24 young (24576K), 3 survivors (3072K)
 Metaspace       used 42156K, committed 42688K, reserved 1114112K
  class space    used 4653K, committed 4864K, reserved 1048576K
}
Event: 7.565 GC heap after
{Heap after GC invocations=10 (full 0):
 garbage-first heap   total reserved 2050048K, committed 51200K, used 23212K [0x0000000082e00000, 0x0000000100000000)
  region size 1024K, 3 young (3072K), 3 survivors (3072K)
 Metaspace       used 42156K, committed 42688K, reserved 1114112K
  class space    used 4653K, committed 4864K, reserved 1048576K
}

Dll operation events (12 events):
Event: 0.023 Loaded shared library C:\Program Files\Java\jdk-24\bin\java.dll
Event: 0.210 Loaded shared library C:\Program Files\Java\jdk-24\bin\jsvml.dll
Event: 0.342 Loaded shared library C:\Program Files\Java\jdk-24\bin\zip.dll
Event: 0.359 Loaded shared library C:\Program Files\Java\jdk-24\bin\instrument.dll
Event: 0.374 Loaded shared library C:\Program Files\Java\jdk-24\bin\net.dll
Event: 0.391 Loaded shared library C:\Program Files\Java\jdk-24\bin\nio.dll
Event: 0.401 Loaded shared library C:\Program Files\Java\jdk-24\bin\zip.dll
Event: 0.424 Loaded shared library C:\Program Files\Java\jdk-24\bin\jimage.dll
Event: 0.680 Loaded shared library C:\Program Files\Java\jdk-24\bin\management.dll
Event: 0.702 Loaded shared library C:\Program Files\Java\jdk-24\bin\extnet.dll
Event: 0.705 Loaded shared library C:\Program Files\Java\jdk-24\bin\management_ext.dll
Event: 3.288 Loaded shared library C:\Program Files\Java\jdk-24\bin\sunmscapi.dll

Deoptimization events (20 events):
Event: 7.628 Thread 0x000001796f463040 Uncommon trap: trap_request=0xffffffde fr.pc=0x000001791c927084 relative=0x00000000000003a4
Event: 7.628 Thread 0x000001796f463040 Uncommon trap: reason=class_check action=maybe_recompile pc=0x000001791c927084 method=org.springframework.core.ResolvableType.resolveType()Lorg/springframework/core/ResolvableType; @ 44 c2
Event: 7.628 Thread 0x000001796f463040 DEOPT PACKING pc=0x000001791c927084 sp=0x00000036366fe260
Event: 7.628 Thread 0x000001796f463040 DEOPT UNPACKING pc=0x000001791c2a5c02 sp=0x00000036366fe1f8 mode 2
Event: 7.628 Thread 0x000001796f463040 Uncommon trap: trap_request=0xffffffde fr.pc=0x000001791c956118 relative=0x0000000000000998
Event: 7.628 Thread 0x000001796f463040 Uncommon trap: reason=class_check action=maybe_recompile pc=0x000001791c956118 method=org.springframework.core.ResolvableType.resolveType()Lorg/springframework/core/ResolvableType; @ 44 c2
Event: 7.628 Thread 0x000001796f463040 DEOPT PACKING pc=0x000001791c956118 sp=0x00000036366fe300
Event: 7.628 Thread 0x000001796f463040 DEOPT UNPACKING pc=0x000001791c2a5c02 sp=0x00000036366fe228 mode 2
Event: 7.628 Thread 0x000001796f463040 Uncommon trap: trap_request=0xffffffde fr.pc=0x000001791c956118 relative=0x0000000000000998
Event: 7.628 Thread 0x000001796f463040 Uncommon trap: reason=class_check action=maybe_recompile pc=0x000001791c956118 method=org.springframework.core.ResolvableType.resolveType()Lorg/springframework/core/ResolvableType; @ 44 c2
Event: 7.628 Thread 0x000001796f463040 DEOPT PACKING pc=0x000001791c956118 sp=0x00000036366fe300
Event: 7.628 Thread 0x000001796f463040 DEOPT UNPACKING pc=0x000001791c2a5c02 sp=0x00000036366fe228 mode 2
Event: 7.628 Thread 0x000001796f463040 Uncommon trap: trap_request=0xffffffde fr.pc=0x000001791c927084 relative=0x00000000000003a4
Event: 7.628 Thread 0x000001796f463040 Uncommon trap: reason=class_check action=maybe_recompile pc=0x000001791c927084 method=org.springframework.core.ResolvableType.resolveType()Lorg/springframework/core/ResolvableType; @ 44 c2
Event: 7.628 Thread 0x000001796f463040 DEOPT PACKING pc=0x000001791c927084 sp=0x00000036366fe2d0
Event: 7.628 Thread 0x000001796f463040 DEOPT UNPACKING pc=0x000001791c2a5c02 sp=0x00000036366fe268 mode 2
Event: 7.628 Thread 0x000001796f463040 Uncommon trap: trap_request=0xffffffde fr.pc=0x000001791c956118 relative=0x0000000000000998
Event: 7.628 Thread 0x000001796f463040 Uncommon trap: reason=class_check action=maybe_recompile pc=0x000001791c956118 method=org.springframework.core.ResolvableType.resolveType()Lorg/springframework/core/ResolvableType; @ 44 c2
Event: 7.628 Thread 0x000001796f463040 DEOPT PACKING pc=0x000001791c956118 sp=0x00000036366fe370
Event: 7.628 Thread 0x000001796f463040 DEOPT UNPACKING pc=0x000001791c2a5c02 sp=0x00000036366fe298 mode 2

Classes loaded (20 events):
Event: 16.053 Loading class java/util/concurrent/ConcurrentLinkedDeque$CLDSpliterator
Event: 16.053 Loading class java/util/concurrent/ConcurrentLinkedDeque$CLDSpliterator done
Event: 87.050 Loading class sun/net/ConnectionResetException
Event: 87.051 Loading class sun/net/ConnectionResetException done
Event: 87.054 Loading class java/nio/channels/ClosedByInterruptException
Event: 87.055 Loading class java/nio/channels/AsynchronousCloseException
Event: 87.055 Loading class java/nio/channels/ClosedChannelException
Event: 87.055 Loading class java/nio/channels/ClosedChannelException done
Event: 87.055 Loading class java/nio/channels/AsynchronousCloseException done
Event: 87.055 Loading class java/nio/channels/ClosedByInterruptException done
Event: 87.068 Loading class jdk/internal/loader/BootLoader$PackageHelper
Event: 87.068 Loading class jdk/internal/loader/BootLoader$PackageHelper done
Event: 87.070 Loading class java/lang/Class$Holder
Event: 87.070 Loading class java/lang/Class$Holder done
Event: 87.076 Loading class java/net/ConnectException
Event: 87.076 Loading class java/net/ConnectException done
Event: 87.077 Loading class sun/net/util/SocketExceptions
Event: 87.077 Loading class sun/net/util/SocketExceptions done
Event: 87.077 Loading class sun/security/util/SecurityProperties
Event: 87.077 Loading class sun/security/util/SecurityProperties done

Classes unloaded (0 events):
No events

Classes redefined (0 events):
No events

Internal exceptions (20 events):
Event: 6.106 Thread 0x000001796f463040 Exception <a 'java/lang/IncompatibleClassChangeError'{0x000000008ab671a0}: Found class java.lang.Object, but interface was expected> (0x000000008ab671a0) 
thrown [s\open\src\hotspot\share\interpreter\linkResolver.cpp, line 872]
Event: 6.117 Thread 0x000001796f463040 Exception <a 'java/lang/NoSuchMethodError'{0x000000008abf3b38}: 'java.lang.Object java.lang.invoke.DirectMethodHandle$Holder.newInvokeSpecial(java.lang.Object, java.lang.Object, java.lang.Object, int, int)'> (0x000000008abf3b38) 
thrown [s\open\src\hotspot\share\interpreter\linkResolver.cpp, line 805]
Event: 6.153 Thread 0x000001796f463040 Exception <a 'java/lang/IncompatibleClassChangeError'{0x0000000088781880}: Found class java.lang.Object, but interface was expected> (0x0000000088781880) 
thrown [s\open\src\hotspot\share\interpreter\linkResolver.cpp, line 872]
Event: 6.200 Thread 0x000001796f463040 Exception <a 'java/lang/IncompatibleClassChangeError'{0x000000008854c9d0}: Found class java.lang.Object, but interface was expected> (0x000000008854c9d0) 
thrown [s\open\src\hotspot\share\interpreter\linkResolver.cpp, line 872]
Event: 6.493 Thread 0x000001796f463040 Exception <a 'java/lang/NoSuchMethodError'{0x000000008854de98}: 'int java.lang.invoke.DirectMethodHandle$Holder.invokeVirtual(java.lang.Object, java.lang.Object, java.lang.Object)'> (0x000000008854de98) 
thrown [s\open\src\hotspot\share\interpreter\linkResolver.cpp, line 805]
Event: 6.496 Thread 0x000001796f463040 Exception <a 'java/lang/IncompatibleClassChangeError'{0x0000000088583928}: Found class java.lang.Object, but interface was expected> (0x0000000088583928) 
thrown [s\open\src\hotspot\share\interpreter\linkResolver.cpp, line 872]
Event: 6.565 Thread 0x000001796f463040 Exception <a 'java/lang/NoSuchMethodError'{0x000000008569a7a0}: 'java.lang.Object java.lang.invoke.DirectMethodHandle$Holder.invokeStatic(java.lang.Object, java.lang.Object, int, java.lang.Object)'> (0x000000008569a7a0) 
thrown [s\open\src\hotspot\share\interpreter\linkResolver.cpp, line 805]
Event: 6.565 Thread 0x000001796f463040 Exception <a 'java/lang/NoSuchMethodError'{0x00000000856aaaf8}: 'java.lang.Object java.lang.invoke.DirectMethodHandle$Holder.newInvokeSpecial(java.lang.Object, java.lang.Object, int)'> (0x00000000856aaaf8) 
thrown [s\open\src\hotspot\share\interpreter\linkResolver.cpp, line 805]
Event: 6.646 Thread 0x000001796f463040 Exception <a 'java/io/FileNotFoundException'{0x00000000854a8e68}> (0x00000000854a8e68) 
thrown [s\open\src\hotspot\share\prims\jni.cpp, line 518]
Event: 6.696 Thread 0x000001796f463040 Exception <a 'java/lang/NoSuchMethodError'{0x000000008516a538}: 'void java.lang.invoke.DirectMethodHandle$Holder.invokeVirtual(java.lang.Object, java.lang.Object, long)'> (0x000000008516a538) 
thrown [s\open\src\hotspot\share\interpreter\linkResolver.cpp, line 805]
Event: 6.836 Thread 0x000001796f463040 Exception <a 'java/lang/NoSuchMethodError'{0x0000000084c84d78}: 'java.lang.Object java.lang.invoke.DirectMethodHandle$Holder.newInvokeSpecial(java.lang.Object, java.lang.Object, java.lang.Object, java.lang.Object, java.lang.Object, java.lang.Object, java.lang.Object, java.lang.Object)'> (0x0000000084c84d78) 
thrown [s\open\src\hotspot\share\interpreter\linkResolver.cpp, line 805]
Event: 6.863 Thread 0x000001796f463040 Exception <a 'java/io/IOException'{0x0000000084bc1db8}> (0x0000000084bc1db8) 
thrown [s\open\src\hotspot\share\prims\jni.cpp, line 518]
Event: 7.095 Thread 0x000001796f463040 Exception <a 'java/lang/IncompatibleClassChangeError'{0x00000000886faba0}: Found class java.lang.Object, but interface was expected> (0x00000000886faba0) 
thrown [s\open\src\hotspot\share\interpreter\linkResolver.cpp, line 872]
Event: 7.389 Thread 0x000001796f463040 Exception <a 'java/lang/NoSuchMethodError'{0x0000000084f9edf8}: 'int java.lang.invoke.DirectMethodHandle$Holder.invokeStaticInit(java.lang.Object, java.lang.Object, java.lang.Object, java.lang.Object)'> (0x0000000084f9edf8) 
thrown [s\open\src\hotspot\share\interpreter\linkResolver.cpp, line 805]
Event: 7.574 Thread 0x000001796f463040 Exception <a 'java/lang/NoSuchMethodError'{0x00000000fff658c0}: 'java.lang.Object java.lang.invoke.DirectMethodHandle$Holder.newInvokeSpecial(java.lang.Object, java.lang.Object, int, java.lang.Object, java.lang.Object)'> (0x00000000fff658c0) 
thrown [s\open\src\hotspot\share\interpreter\linkResolver.cpp, line 805]
Event: 65.884 Thread 0x000001796f5dc6a0 Exception <a 'java/lang/NoSuchMethodError'{0x0000000085510f40}: 'java.lang.Object java.lang.invoke.DirectMethodHandle$Holder.newInvokeSpecial(java.lang.Object, java.lang.Object, long)'> (0x0000000085510f40) 
thrown [s\open\src\hotspot\share\interpreter\linkResolver.cpp, line 805]
Event: 87.051 Thread 0x00000179707ef440 Exception <a 'sun/net/ConnectionResetException'{0x0000000085302e50}: Connection reset> (0x0000000085302e50) 
thrown [s\open\src\hotspot\share\prims\jni.cpp, line 536]
Event: 87.076 Thread 0x00000179707ef440 Exception <a 'java/net/ConnectException'{0x0000000085389258}: Connection refused: getsockopt> (0x0000000085389258) 
thrown [s\open\src\hotspot\share\prims\jni.cpp, line 536]
Event: 96.115 Thread 0x00000179707eecf0 Exception <a 'java/io/IOException'{0x00000000856197d0}: Connection reset by peer> (0x00000000856197d0) 
thrown [s\open\src\hotspot\share\prims\jni.cpp, line 536]
Event: 97.084 Thread 0x00000179707ef440 Exception <a 'java/net/ConnectException'{0x00000000853a5b30}: Connection refused: getsockopt> (0x00000000853a5b30) 
thrown [s\open\src\hotspot\share\prims\jni.cpp, line 536]

VM Operations (20 events):
Event: 6.923 Executing VM operation: HandshakeAllThreads (Deoptimize)
Event: 6.923 Executing VM operation: HandshakeAllThreads (Deoptimize) done
Event: 6.937 Executing VM operation: G1CollectForAllocation (G1 Evacuation Pause)
Event: 6.942 Executing VM operation: G1CollectForAllocation (G1 Evacuation Pause) done
Event: 6.969 Executing VM operation: HandshakeAllThreads (Deoptimize)
Event: 6.969 Executing VM operation: HandshakeAllThreads (Deoptimize) done
Event: 7.106 Executing VM operation: HandshakeAllThreads (Deoptimize)
Event: 7.106 Executing VM operation: HandshakeAllThreads (Deoptimize) done
Event: 7.127 Executing VM operation: HandshakeAllThreads (Deoptimize)
Event: 7.127 Executing VM operation: HandshakeAllThreads (Deoptimize) done
Event: 7.349 Executing VM operation: HandshakeAllThreads (Deoptimize)
Event: 7.349 Executing VM operation: HandshakeAllThreads (Deoptimize) done
Event: 7.560 Executing VM operation: G1CollectForAllocation (G1 Evacuation Pause)
Event: 7.565 Executing VM operation: G1CollectForAllocation (G1 Evacuation Pause) done
Event: 7.572 Executing VM operation: HandshakeAllThreads (Deoptimize)
Event: 7.572 Executing VM operation: HandshakeAllThreads (Deoptimize) done
Event: 60.075 Executing VM operation: HandshakeAllThreads (HandshakeForDeflation)
Event: 60.075 Executing VM operation: HandshakeAllThreads (HandshakeForDeflation) done
Event: 60.076 Executing VM operation: RendezvousGCThreads
Event: 60.076 Executing VM operation: RendezvousGCThreads done

Memory protections (0 events):
No events

Nmethod flushes (20 events):
Event: 6.363 Thread 0x000001792903d1e0 flushing  nmethod 0x0000017914d87088
Event: 6.363 Thread 0x000001792903d1e0 flushing  nmethod 0x0000017914d8fc08
Event: 6.363 Thread 0x000001792903d1e0 flushing  nmethod 0x0000017914dbe708
Event: 6.363 Thread 0x000001792903d1e0 flushing  nmethod 0x0000017914dbef08
Event: 6.363 Thread 0x000001792903d1e0 flushing  nmethod 0x0000017914dbfe88
Event: 6.363 Thread 0x000001792903d1e0 flushing  nmethod 0x0000017914dc2888
Event: 6.363 Thread 0x000001792903d1e0 flushing  nmethod 0x0000017914de3a08
Event: 6.363 Thread 0x000001792903d1e0 flushing  nmethod 0x0000017914de5388
Event: 6.363 Thread 0x000001792903d1e0 flushing  nmethod 0x0000017914ecee08
Event: 6.363 Thread 0x000001792903d1e0 flushing  nmethod 0x0000017914f19e88
Event: 6.363 Thread 0x000001792903d1e0 flushing  nmethod 0x0000017914f60208
Event: 6.363 Thread 0x000001792903d1e0 flushing  nmethod 0x0000017914f84708
Event: 6.363 Thread 0x000001792903d1e0 flushing  nmethod 0x0000017914f8bb88
Event: 6.363 Thread 0x000001792903d1e0 flushing  nmethod 0x0000017914f92508
Event: 6.363 Thread 0x000001792903d1e0 flushing  nmethod 0x0000017914fdab08
Event: 6.363 Thread 0x000001792903d1e0 flushing  nmethod 0x0000017914fdc208
Event: 6.363 Thread 0x000001792903d1e0 flushing  nmethod 0x0000017915010608
Event: 6.363 Thread 0x000001792903d1e0 flushing  nmethod 0x0000017915013108
Event: 6.363 Thread 0x000001792903d1e0 flushing  nmethod 0x0000017915013608
Event: 6.363 Thread 0x000001792903d1e0 flushing  nmethod 0x000001791504da08

Events (20 events):
Event: 6.682 Thread 0x000001796f463040 Thread added: 0x00000179707ee5a0
Event: 7.548 Thread 0x000001796f463040 Thread added: 0x00000179707f2ec0
Event: 7.587 Thread 0x000001796f463040 Thread added: 0x00000179707f3610
Event: 7.587 Thread 0x000001796f463040 Thread added: 0x00000179707f18d0
Event: 7.587 Thread 0x000001796f463040 Thread added: 0x00000179707f4c00
Event: 7.587 Thread 0x000001796f463040 Thread added: 0x00000179707f2770
Event: 7.588 Thread 0x000001796f463040 Thread added: 0x00000179707f5350
Event: 7.588 Thread 0x000001796f463040 Thread added: 0x00000179707f3d60
Event: 7.588 Thread 0x000001796f463040 Thread added: 0x00000179707f44b0
Event: 7.588 Thread 0x000001796f463040 Thread added: 0x00000179707f2020
Event: 7.588 Thread 0x000001796f463040 Thread added: 0x00000179707f5aa0
Event: 7.588 Thread 0x000001796f463040 Thread added: 0x00000179716b4a70
Event: 7.604 Thread 0x000001796f463040 Thread added: 0x00000179716b4320
Event: 7.606 Thread 0x000001796f463040 Thread added: 0x00000179716b5910
Event: 7.632 Thread 0x000001796f463040 Thread exited: 0x000001796f463040
Event: 7.636 Thread 0x000001796f45eec0 Thread exited: 0x000001796f45eec0
Event: 7.637 Thread 0x000001790c3c7630 Thread exited: 0x000001790c3c7630
Event: 7.637 Thread 0x00000179716b51c0 Thread added: 0x00000179716b51c0
Event: 8.566 Thread 0x00000179295522e0 Thread exited: 0x00000179295522e0
Event: 24.344 Thread 0x0000017929e5bdb0 Thread added: 0x00000179716b6060


Dynamic libraries:
0x00007ff6843f0000 - 0x00007ff684400000 	C:\Program Files\Java\jdk-24\bin\java.exe
0x00007ffe48e40000 - 0x00007ffe490a8000 	C:\WINDOWS\SYSTEM32\ntdll.dll
0x00007ffe47eb0000 - 0x00007ffe47f79000 	C:\WINDOWS\System32\KERNEL32.DLL
0x00007ffe46730000 - 0x00007ffe46b28000 	C:\WINDOWS\System32\KERNELBASE.dll
0x00007ffe45f90000 - 0x00007ffe460db000 	C:\WINDOWS\System32\ucrtbase.dll
0x00007ffe34880000 - 0x00007ffe34896000 	C:\Program Files\Java\jdk-24\bin\jli.dll
0x00007ffe33770000 - 0x00007ffe3378b000 	C:\Program Files\Java\jdk-24\bin\VCRUNTIME140.dll
0x00007ffe47510000 - 0x00007ffe476d7000 	C:\WINDOWS\System32\USER32.dll
0x00007ffe2d8d0000 - 0x00007ffe2db64000 	C:\WINDOWS\WinSxS\amd64_microsoft.windows.common-controls_6595b64144ccf1df_6.0.26100.7019_none_3e06ffa0e335b8a8\COMCTL32.dll
0x00007ffe46300000 - 0x00007ffe46327000 	C:\WINDOWS\System32\win32u.dll
0x00007ffe47c90000 - 0x00007ffe47d39000 	C:\WINDOWS\System32\msvcrt.dll
0x00007ffe47c60000 - 0x00007ffe47c8b000 	C:\WINDOWS\System32\GDI32.dll
0x00007ffe46570000 - 0x00007ffe4669c000 	C:\WINDOWS\System32\gdi32full.dll
0x00007ffe46250000 - 0x00007ffe462f3000 	C:\WINDOWS\System32\msvcp_win.dll
0x00007ffe474d0000 - 0x00007ffe47501000 	C:\WINDOWS\System32\IMM32.DLL
0x00007ffe34870000 - 0x00007ffe3487c000 	C:\Program Files\Java\jdk-24\bin\vcruntime140_1.dll
0x00007ffe309d0000 - 0x00007ffe30a5e000 	C:\Program Files\Java\jdk-24\bin\msvcp140.dll
0x00007ffdb6490000 - 0x00007ffdb7231000 	C:\Program Files\Java\jdk-24\bin\server\jvm.dll
0x00007ffe48750000 - 0x00007ffe48804000 	C:\WINDOWS\System32\ADVAPI32.dll
0x00007ffe47d40000 - 0x00007ffe47de6000 	C:\WINDOWS\System32\sechost.dll
0x00007ffe46bf0000 - 0x00007ffe46d08000 	C:\WINDOWS\System32\RPCRT4.dll
0x00007ffe46d10000 - 0x00007ffe46d84000 	C:\WINDOWS\System32\WS2_32.dll
0x00007ffe45df0000 - 0x00007ffe45e4e000 	C:\WINDOWS\SYSTEM32\POWRPROF.dll
0x00007ffe2e520000 - 0x00007ffe2e555000 	C:\WINDOWS\SYSTEM32\WINMM.dll
0x00007ffe3a2c0000 - 0x00007ffe3a2cb000 	C:\WINDOWS\SYSTEM32\VERSION.dll
0x00007ffe45dd0000 - 0x00007ffe45de4000 	C:\WINDOWS\SYSTEM32\UMPDC.dll
0x00007ffe44d10000 - 0x00007ffe44d2b000 	C:\WINDOWS\SYSTEM32\kernel.appcore.dll
0x00007ffe31de0000 - 0x00007ffe31dea000 	C:\Program Files\Java\jdk-24\bin\jimage.dll
0x00007ffe3fd10000 - 0x00007ffe3ff52000 	C:\WINDOWS\SYSTEM32\DBGHELP.DLL
0x00007ffe48a70000 - 0x00007ffe48dfb000 	C:\WINDOWS\System32\combase.dll
0x00007ffe476e0000 - 0x00007ffe477b7000 	C:\WINDOWS\System32\OLEAUT32.dll
0x00007ffe2c280000 - 0x00007ffe2c2bc000 	C:\WINDOWS\SYSTEM32\dbgcore.DLL
0x00007ffe46b30000 - 0x00007ffe46bd5000 	C:\WINDOWS\System32\bcryptPrimitives.dll
0x00007ffe31720000 - 0x00007ffe3172f000 	C:\Program Files\Java\jdk-24\bin\instrument.dll
0x00007ffe31ac0000 - 0x00007ffe31ade000 	C:\Program Files\Java\jdk-24\bin\java.dll
0x00007ffe47250000 - 0x00007ffe473e7000 	C:\WINDOWS\System32\ole32.dll
0x00007ffe47ff0000 - 0x00007ffe48741000 	C:\WINDOWS\System32\SHELL32.dll
0x00007ffe460e0000 - 0x00007ffe4624b000 	C:\WINDOWS\System32\wintypes.dll
0x00007ffe43b70000 - 0x00007ffe443cd000 	C:\WINDOWS\SYSTEM32\windows.storage.dll
0x00007ffe46f80000 - 0x00007ffe47072000 	C:\WINDOWS\System32\SHCORE.dll
0x00007ffe47f80000 - 0x00007ffe47fe7000 	C:\WINDOWS\System32\shlwapi.dll
0x00007ffe45eb0000 - 0x00007ffe45ed9000 	C:\WINDOWS\SYSTEM32\profapi.dll
0x00007ffe1de10000 - 0x00007ffe1dee7000 	C:\Program Files\Java\jdk-24\bin\jsvml.dll
0x00007ffe31280000 - 0x00007ffe31297000 	C:\Program Files\Java\jdk-24\bin\zip.dll
0x00007ffe31dd0000 - 0x00007ffe31de0000 	C:\Program Files\Java\jdk-24\bin\net.dll
0x00007ffe45260000 - 0x00007ffe452cb000 	C:\WINDOWS\system32\mswsock.dll
0x00007ffe312a0000 - 0x00007ffe312b6000 	C:\Program Files\Java\jdk-24\bin\nio.dll
0x00007ffe44890000 - 0x00007ffe449bc000 	C:\WINDOWS\SYSTEM32\DNSAPI.dll
0x00007ffe447b0000 - 0x00007ffe447e4000 	C:\WINDOWS\SYSTEM32\IPHLPAPI.DLL
0x00007ffe46eb0000 - 0x00007ffe46eba000 	C:\WINDOWS\System32\NSI.dll
0x00007ffe360c0000 - 0x00007ffe360cb000 	C:\Windows\System32\rasadhlp.dll
0x00007ffe3cad0000 - 0x00007ffe3cb56000 	C:\WINDOWS\System32\fwpuclnt.dll
0x00007ffe31240000 - 0x00007ffe3124a000 	C:\Program Files\Java\jdk-24\bin\management.dll
0x00007ffe30da0000 - 0x00007ffe30da9000 	C:\Program Files\Java\jdk-24\bin\extnet.dll
0x00007ffe30b30000 - 0x00007ffe30b3b000 	C:\Program Files\Java\jdk-24\bin\management_ext.dll
0x00007ffe477c0000 - 0x00007ffe477c8000 	C:\WINDOWS\System32\PSAPI.DLL
0x00007ffe45650000 - 0x00007ffe4566b000 	C:\WINDOWS\SYSTEM32\CRYPTSP.dll
0x00007ffe44c70000 - 0x00007ffe44caa000 	C:\WINDOWS\system32\rsaenh.dll
0x00007ffe45310000 - 0x00007ffe4533b000 	C:\WINDOWS\SYSTEM32\USERENV.dll
0x00007ffe45e80000 - 0x00007ffe45eaa000 	C:\WINDOWS\SYSTEM32\bcrypt.dll
0x00007ffe454b0000 - 0x00007ffe454bc000 	C:\WINDOWS\SYSTEM32\CRYPTBASE.dll
0x00007ffe201f0000 - 0x00007ffe20208000 	C:\WINDOWS\system32\napinsp.dll
0x00007ffe20180000 - 0x00007ffe20192000 	C:\WINDOWS\System32\winrnr.dll
0x00007ffe201c0000 - 0x00007ffe201e2000 	C:\WINDOWS\system32\nlansp_c.dll
0x00007ffe33c30000 - 0x00007ffe33c46000 	C:\WINDOWS\system32\wshbth.dll
0x00007ffe2c4b0000 - 0x00007ffe2c506000 	C:\WINDOWS\SYSTEM32\pdh.dll
0x00007ffe0dd60000 - 0x00007ffe0dd72000 	C:\WINDOWS\System32\perfproc.dll
0x00007ffe1c4c0000 - 0x00007ffe1c4d1000 	C:\WINDOWS\System32\perfos.dll
0x00007ffe443f0000 - 0x00007ffe44402000 	C:\WINDOWS\SYSTEM32\pfclient.dll
0x00007ffe309b0000 - 0x00007ffe309be000 	C:\Program Files\Java\jdk-24\bin\sunmscapi.dll
0x00007ffe463f0000 - 0x00007ffe46567000 	C:\WINDOWS\System32\CRYPT32.dll
0x00007ffe457a0000 - 0x00007ffe457d0000 	C:\WINDOWS\SYSTEM32\ncrypt.dll
0x00007ffe45750000 - 0x00007ffe4578f000 	C:\WINDOWS\SYSTEM32\NTASN1.dll
0x00007ffdb8c60000 - 0x00007ffdb8c68000 	C:\WINDOWS\system32\wshunix.dll

JVMTI agents:
C:\Program Files\JetBrains\IntelliJ IDEA 2025.2\lib\idea_rt.jar path:C:\Program Files\Java\jdk-24\bin\instrument.dll, loaded, initialized, instrumentlib options:52406

dbghelp: loaded successfully - version: 4.0.5 - missing functions: none
symbol engine: initialized successfully - sym options: 0x614 - pdb path: .;C:\Program Files\Java\jdk-24\bin;C:\WINDOWS\SYSTEM32;C:\WINDOWS\WinSxS\amd64_microsoft.windows.common-controls_6595b64144ccf1df_6.0.26100.7019_none_3e06ffa0e335b8a8;C:\Program Files\Java\jdk-24\bin\server

VM Arguments:
jvm_args: -javaagent:C:\Program Files\JetBrains\IntelliJ IDEA 2025.2\lib\idea_rt.jar=52406 -Dfile.encoding=UTF-8 -Dsun.stdout.encoding=UTF-8 -Dsun.stderr.encoding=UTF-8 
java_command: org.semicolon.semicolonartworksystem.SemicolonArtworkSystemApplication
java_class_path (initial): C:\Users\Dell\OneDrive\Desktop\art-store\target\classes;C:\Users\Dell\.m2\repository\org\springframework\boot\spring-boot-starter-data-mongodb\3.5.5\spring-boot-starter-data-mongodb-3.5.5.jar;C:\Users\Dell\.m2\repository\org\springframework\boot\spring-boot-starter\3.5.5\spring-boot-starter-3.5.5.jar;C:\Users\Dell\.m2\repository\org\springframework\boot\spring-boot-starter-logging\3.5.5\spring-boot-starter-logging-3.5.5.jar;C:\Users\Dell\.m2\repository\ch\qos\logback\logback-classic\1.5.18\logback-classic-1.5.18.jar;C:\Users\Dell\.m2\repository\ch\qos\logback\logback-core\1.5.18\logback-core-1.5.18.jar;C:\Users\Dell\.m2\repository\org\apache\logging\log4j\log4j-to-slf4j\2.24.3\log4j-to-slf4j-2.24.3.jar;C:\Users\Dell\.m2\repository\org\apache\logging\log4j\log4j-api\2.24.3\log4j-api-2.24.3.jar;C:\Users\Dell\.m2\repository\org\slf4j\jul-to-slf4j\2.0.17\jul-to-slf4j-2.0.17.jar;C:\Users\Dell\.m2\repository\jakarta\annotation\jakarta.annotation-api\2.1.1\jakarta.annotation-api-2.1.1.jar;C:\Users\Dell\.m2\repository\org\yaml\snakeyaml\2.4\snakeyaml-2.4.jar;C:\Users\Dell\.m2\repository\org\mongodb\mongodb-driver-sync\5.5.1\mongodb-driver-sync-5.5.1.jar;C:\Users\Dell\.m2\repository\org\mongodb\bson\5.5.1\bson-5.5.1.jar;C:\Users\Dell\.m2\repository\org\mongodb\mongodb-driver-core\5.5.1\mongodb-driver-core-5.5.1.jar;C:\Users\Dell\.m2\repository\org\mongodb\bson-record-codec\5.5.1\bson-record-codec-5.5.1.jar;C:\Users\Dell\.m2\repository\org\springframework\data\spring-data-mongodb\4.5.3\spring-data-mongodb-4.5.3.jar;C:\Users\Dell\.m2\repository\org\springframework\spring-tx\6.2.10\spring-tx-6.2.10.jar;C:\Users\Dell\.m2\repository\org\springframework\spring-context\6.2.10\spring-context-6.2.10.jar;C:\Users\Dell\.m2\repository\org\springframework\spring-beans\6.2.10\spring-beans-6.2.10.jar;C:\Users\Dell\.m2\repository\org\springframework\spring-expression\6.2.10\spring-expression-6.2.10.jar;C:\Users\Dell\.m2\repository\org\springframework\data\spring-data-commons\3.5.3\spring-data-commons-3.5.3.jar;C:\Users\Dell\.m2\repository\org\slf4j\slf4j-api\2.0.17\slf4j-api-2.0.17.jar;C:\Users\Dell\.m2\repository\org\springframework\boot\spring-boot-starter-web\3.5.5\spring-boot-starter-web-3.5.5.jar;C:\Users\Dell\.m2\repository\org\springframework\boot\spring-boot-starter-json\3.5.5\spring-boot-starter-json-3.5.5.jar;C:\Users\Dell\.m2\repository\com\fasterxml\jackson\datatype\jackson-datatype-jdk8\2.19.2\jackson-datatype-jdk8-2.19.2.jar;C:\Users\Dell\.m2\repository\com\fasterxml\jackson\datatype\jackson-datatype-jsr310\2.19.2\jackson-datatype-jsr310-2.19.2.jar;C:\Users\Dell\.m2\repository\com\fasterxml\jackson\module\jackson-module-parameter-names\2.19.2\jackson-module-parameter-names-2.19.2.jar;C:\Users\Dell\.m2\repository\org\springframework\boot\spring-boot-starter-tomcat\3.5.5\spring-boot-starter-tomcat-3.5.5.jar;C:\Users\Dell\.m2\repository\org\apache\tomcat\embed\tomcat-embed-core\10.1.44\tomcat-embed-core-10.1.44.jar;C:\Users\Dell\.m2\repository\org\apache\tomcat\embed\tomcat-embed-el\10.1.44\tomcat-embed-el-10.1.44.jar;C:\Users\Dell\.m2\repository\org\apache\tomcat\embed\tomcat-embed-websocket\10.1.44\tomcat-embed-websocket-10.1.44.jar;C:\Users\Dell\.m2\repository\org\springframework\spring-web\6.2.10\spring-web-6.2.10.jar;C:\Users\Dell\.m2\repository\io\micrometer\micrometer-observation\1.15.3\micrometer-observation-1.15.3.jar;C:\Users\Dell\.m2\repository\io\micrometer\micrometer-commons\1.15.3\micrometer-commons-1.15.3.jar;C:\Users\Dell\.m2\repository\org\springframework\spring-webmvc\6.2.10\spring-webmvc-6.2.10.jar;C:\Users\Dell\.m2\repository\org\springframework\boot\spring-boot-devtools\3.5.5\spring-boot-devtools-3.5.5.jar;C:\Users\Dell\.m2\repository\org\springframework\boot\spring-boot\3.5.5\spring-boot-3.5.5.jar;C:\Users\Dell\.m2\repository\org\springframework\boot\spring-boot-autoconfigure\3.5.5\spring-boot-autoconfigure-3.5.5.jar;C:\Users\Dell\.m2\repository\org\projectlombok\lombok\1.18.38\lombok-1.18.38.jar;C:\Users\Dell\.m2\repository\org\springframework\spring-core\6.2.10\spring-core-6.2.10.jar;C:\Users\Dell\.m2\repository\org\springframework\spring-jcl\6.2.10\spring-jcl-6.2.10.jar;C:\Users\Dell\.m2\repository\io\jsonwebtoken\jjwt-api\0.11.5\jjwt-api-0.11.5.jar;C:\Users\Dell\.m2\repository\io\jsonwebtoken\jjwt-impl\0.11.5\jjwt-impl-0.11.5.jar;C:\Users\Dell\.m2\repository\io\jsonwebtoken\jjwt-jackson\0.11.5\jjwt-jackson-0.11.5.jar;C:\Users\Dell\.m2\repository\com\fasterxml\jackson\core\jackson-databind\2.19.2\jackson-databind-2.19.2.jar;C:\Users\Dell\.m2\repository\com\fasterxml\jackson\core\jackson-annotations\2.19.2\jackson-annotations-2.19.2.jar;C:\Users\Dell\.m2\repository\com\fasterxml\jackson\core\jackson-core\2.19.2\jackson-core-2.19.2.jar;C:\Users\Dell\.m2\repository\org\springframework\boot\spring-boot-starter-security\3.5.7\spring-boot-starter-security-3.5.7.jar;C:\Users\Dell\.m2\repository\org\springframework\spring-aop\6.2.10\spring-aop-6.2.10.jar;C:\Users\Dell\.m2\repository\org\springframework\security\spring-security-config\6.5.3\spring-security-config-6.5.3.jar;C:\Users\Dell\.m2\repository\org\springframework\security\spring-security-core\6.5.3\spring-security-core-6.5.3.jar;C:\Users\Dell\.m2\repository\org\springframework\security\spring-security-crypto\6.5.3\spring-security-crypto-6.5.3.jar;C:\Users\Dell\.m2\repository\org\springframework\security\spring-security-web\6.5.3\spring-security-web-6.5.3.jar
Launcher Type: SUN_STANDARD

[Global flags]
     intx CICompilerCount                          = 4                                         {product} {ergonomic}
     uint ConcGCThreads                            = 2                                         {product} {ergonomic}
     uint G1ConcRefinementThreads                  = 8                                         {product} {ergonomic}
   size_t G1HeapRegionSize                         = 1048576                                   {product} {ergonomic}
   size_t InitialHeapSize                          = 132120576                                 {product} {ergonomic}
   size_t MarkStackSize                            = 4194304                                   {product} {ergonomic}
   size_t MarkStackSizeMax                         = 536870912                                 {product} {ergonomic}
   size_t MaxHeapSize                              = 2099249152                                {product} {ergonomic}
   size_t MaxNewSize                               = 1259339776                                {product} {ergonomic}
   size_t MinHeapDeltaBytes                        = 1048576                                   {product} {ergonomic}
   size_t MinHeapSize                              = 8388608                                   {product} {ergonomic}
    uintx NonNMethodCodeHeapSize                   = 5832704                                {pd product} {ergonomic}
    uintx NonProfiledCodeHeapSize                  = 122945536                              {pd product} {ergonomic}
    uintx ProfiledCodeHeapSize                     = 122880000                              {pd product} {ergonomic}
    uintx ReservedCodeCacheSize                    = 251658240                              {pd product} {ergonomic}
     bool SegmentedCodeCache                       = true                                      {product} {ergonomic}
   size_t SoftMaxHeapSize                          = 2099249152                             {manageable} {ergonomic}
     bool UseCompressedOops                        = true                           {product lp64_product} {ergonomic}
     bool UseG1GC                                  = true                                      {product} {ergonomic}
     bool UseLargePagesIndividualAllocation        = false                                  {pd product} {ergonomic}

Logging:
Log output configuration:
 #0: stdout all=warning uptime,level,tags foldmultilines=false
 #1: stderr all=off uptime,level,tags foldmultilines=false

Environment Variables:
PATH=C:\Program Files\Common Files\Oracle\Java\javapath;C:\WINDOWS\system32;C:\WINDOWS;C:\WINDOWS\System32\Wbem;C:\WINDOWS\System32\WindowsPowerShell\v1.0\;C:\WINDOWS\System32\OpenSSH\;C:\Program Files\Git\cmd;C:\Program Files\nodejs\;C:\Program Files\MongoDB\Server\8.0.13\bin;C:\Program Files\MongoDB\mongosh\bin;;C:\ProgramData\chocolatey\bin;C:\Program Files\Go\bin;C:\Program Files\Docker\Docker\resources\bin;C:\Users\Dell\AppData\Local\Programs\Python\Python313\Scripts\;C:\Users\Dell\AppData\Local\Programs\Python\Python313\;C:\Users\Dell\AppData\Local\Programs\Python\Launcher\;C:\Program Files\MySQL\MySQL Shell 8.0\bin\;C:\Users\Dell\AppData\Local\Microsoft\WindowsApps;C:\Program Files\JetBrains\PyCharm 2025.1.3.1\bin;;C:\Program Files\JetBrains\WebStorm 2025.1.4.1\bin;;C:\Users\Dell\AppData\Local\Programs\Microsoft VS Code\bin;C:\Users\Dell\AppData\Local\GitHubDesktop\bin;C:\Users\Dell\AppData\Roaming\npm;C:\Program Files\JetBrains\IntelliJ IDEA 2025.2\bin;C:\Users\Dell\AppData\Local\Programs\mongosh\;C:\Users\Dell\AppData\Local\Programs\Qoder\bin;C:\Users\Dell\go\bin
USERNAME=Dell
OS=Windows_NT
PROCESSOR_IDENTIFIER=Intel64 Family 6 Model 142 Stepping 12, GenuineIntel
TMP=C:\Users\Dell\AppData\Local\Temp
TEMP=C:\Users\Dell\AppData\Local\Temp




Periodic native trim disabled

---------------  S Y S T E M  ---------------

OS:
 Windows 11 , 64 bit Build 26100 (10.0.26100.7019)
OS uptime: 0 days 22:12 hours
Hyper-V role detected

CPU: total 8 (initial active 8) (4 cores per cpu, 2 threads per core) family 6 model 142 stepping 12 microcode 0xf8, cx8, cmov, fxsr, ht, mmx, 3dnowpref, sse, sse2, sse3, ssse3, sse4.1, sse4.2, popcnt, lzcnt, tsc, tscinvbit, avx, avx2, aes, erms, clmul, bmi1, bmi2, adx, fma, vzeroupper, clflush, clflushopt, hv, rdtscp, f16c
Processor Information for the first 8 processors :
  Max Mhz: 1896, Current Mhz: 1596, Mhz Limit: 1592

Memory: 4k page, system-wide physical 8006M (566M free)
TotalPageFile size 32582M (AvailPageFile size 0M)
current process WorkingSet (physical memory assigned to process): 185M, peak: 240M
current process commit charge ("private bytes"): 220M, peak: 299M

vm_info: Java HotSpot(TM) 64-Bit Server VM (24.0.2+12-54) for windows-amd64 JRE (24.0.2+12-54), built on 2025-07-08T12:10:27Z with MS VC++ 17.6 (VS2022)

END.
